Determining if the pthread_create exist failed with the following output:
Change Dir: /home/venom/ros/custom_ws/build/rur_description/CMakeFiles/CMakeTmp

Run Build Command:"/usr/bin/make" "cmTC_fe9aa/fast"
/usr/bin/make -f CMakeFiles/cmTC_fe9aa.dir/build.make CMakeFiles/cmTC_fe9aa.dir/build
make[1]: Entering directory '/home/venom/ros/custom_ws/build/rur_description/CMakeFiles/CMakeTmp'
Building C object CMakeFiles/cmTC_fe9aa.dir/CheckSymbolExists.c.o
/usr/bin/cc    -o CMakeFiles/cmTC_fe9aa.dir/CheckSymbolExists.c.o   -c /home/venom/ros/custom_ws/build/rur_description/CMakeFiles/CMakeTmp/CheckSymbolExists.c
Linking C executable cmTC_fe9aa
/usr/bin/cmake -E cmake_link_script CMakeFiles/cmTC_fe9aa.dir/link.txt --verbose=1
/usr/bin/cc      -rdynamic CMakeFiles/cmTC_fe9aa.dir/CheckSymbolExists.c.o  -o cmTC_fe9aa 
CMakeFiles/cmTC_fe9aa.dir/CheckSymbolExists.c.o: In function `main':
CheckSymbolExists.c:(.text+0x1b): undefined reference to `pthread_create'
collect2: error: ld returned 1 exit status
CMakeFiles/cmTC_fe9aa.dir/build.make:97: recipe for target 'cmTC_fe9aa' failed
make[1]: *** [cmTC_fe9aa] Error 1
make[1]: Leaving directory '/home/venom/ros/custom_ws/build/rur_description/CMakeFiles/CMakeTmp'
Makefile:126: recipe for target 'cmTC_fe9aa/fast' failed
make: *** [cmTC_fe9aa/fast] Error 2

File /home/venom/ros/custom_ws/build/rur_description/CMakeFiles/CMakeTmp/CheckSymbolExists.c:
/* */
#include <pthread.h>

int main(int argc, char** argv)
{
  (void)argv;
#ifndef pthread_create
  return ((int*)(&pthread_create))[argc];
#else
  (void)argc;
  return 0;
#endif
}

Determining if the function pthread_create exists in the pthreads failed with the following output:
Change Dir: /home/venom/ros/custom_ws/build/rur_description/CMakeFiles/CMakeTmp

Run Build Command:"/usr/bin/make" "cmTC_88c6a/fast"
/usr/bin/make -f CMakeFiles/cmTC_88c6a.dir/build.make CMakeFiles/cmTC_88c6a.dir/build
make[1]: Entering directory '/home/venom/ros/custom_ws/build/rur_description/CMakeFiles/CMakeTmp'
Building C object CMakeFiles/cmTC_88c6a.dir/CheckFunctionExists.c.o
/usr/bin/cc   -DCHECK_FUNCTION_EXISTS=pthread_create   -o CMakeFiles/cmTC_88c6a.dir/CheckFunctionExists.c.o   -c /usr/share/cmake-3.10/Modules/CheckFunctionExists.c
Linking C executable cmTC_88c6a
/usr/bin/cmake -E cmake_link_script CMakeFiles/cmTC_88c6a.dir/link.txt --verbose=1
/usr/bin/cc  -DCHECK_FUNCTION_EXISTS=pthread_create    -rdynamic CMakeFiles/cmTC_88c6a.dir/CheckFunctionExists.c.o  -o cmTC_88c6a -lpthreads 
/usr/bin/ld: cannot find -lpthreads
collect2: error: ld returned 1 exit status
CMakeFiles/cmTC_88c6a.dir/build.make:97: recipe for target 'cmTC_88c6a' failed
make[1]: *** [cmTC_88c6a] Error 1
make[1]: Leaving directory '/home/venom/ros/custom_ws/build/rur_description/CMakeFiles/CMakeTmp'
Makefile:126: recipe for target 'cmTC_88c6a/fast' failed
make: *** [cmTC_88c6a/fast] Error 2


