Determining if the pthread_create exist failed with the following output:
Change Dir: /home/venom/ros/demo2_ws/build/ar_slam/CMakeFiles/CMakeTmp

Run Build Command:"/usr/bin/make" "cmTC_49b17/fast"
/usr/bin/make -f CMakeFiles/cmTC_49b17.dir/build.make CMakeFiles/cmTC_49b17.dir/build
make[1]: Entering directory '/home/venom/ros/demo2_ws/build/ar_slam/CMakeFiles/CMakeTmp'
Building C object CMakeFiles/cmTC_49b17.dir/CheckSymbolExists.c.o
/usr/bin/cc    -o CMakeFiles/cmTC_49b17.dir/CheckSymbolExists.c.o   -c /home/venom/ros/demo2_ws/build/ar_slam/CMakeFiles/CMakeTmp/CheckSymbolExists.c
Linking C executable cmTC_49b17
/usr/bin/cmake -E cmake_link_script CMakeFiles/cmTC_49b17.dir/link.txt --verbose=1
/usr/bin/cc      -rdynamic CMakeFiles/cmTC_49b17.dir/CheckSymbolExists.c.o  -o cmTC_49b17 
CMakeFiles/cmTC_49b17.dir/CheckSymbolExists.c.o: In function `main':
CheckSymbolExists.c:(.text+0x1b): undefined reference to `pthread_create'
collect2: error: ld returned 1 exit status
CMakeFiles/cmTC_49b17.dir/build.make:97: recipe for target 'cmTC_49b17' failed
make[1]: *** [cmTC_49b17] Error 1
make[1]: Leaving directory '/home/venom/ros/demo2_ws/build/ar_slam/CMakeFiles/CMakeTmp'
Makefile:126: recipe for target 'cmTC_49b17/fast' failed
make: *** [cmTC_49b17/fast] Error 2

File /home/venom/ros/demo2_ws/build/ar_slam/CMakeFiles/CMakeTmp/CheckSymbolExists.c:
/* */
#include <pthread.h>

int main(int argc, char** argv)
{
  (void)argv;
#ifndef pthread_create
  return ((int*)(&pthread_create))[argc];
#else
  (void)argc;
  return 0;
#endif
}

Determining if the function pthread_create exists in the pthreads failed with the following output:
Change Dir: /home/venom/ros/demo2_ws/build/ar_slam/CMakeFiles/CMakeTmp

Run Build Command:"/usr/bin/make" "cmTC_f58de/fast"
/usr/bin/make -f CMakeFiles/cmTC_f58de.dir/build.make CMakeFiles/cmTC_f58de.dir/build
make[1]: Entering directory '/home/venom/ros/demo2_ws/build/ar_slam/CMakeFiles/CMakeTmp'
Building C object CMakeFiles/cmTC_f58de.dir/CheckFunctionExists.c.o
/usr/bin/cc   -DCHECK_FUNCTION_EXISTS=pthread_create   -o CMakeFiles/cmTC_f58de.dir/CheckFunctionExists.c.o   -c /usr/share/cmake-3.10/Modules/CheckFunctionExists.c
Linking C executable cmTC_f58de
/usr/bin/cmake -E cmake_link_script CMakeFiles/cmTC_f58de.dir/link.txt --verbose=1
/usr/bin/cc  -DCHECK_FUNCTION_EXISTS=pthread_create    -rdynamic CMakeFiles/cmTC_f58de.dir/CheckFunctionExists.c.o  -o cmTC_f58de -lpthreads 
/usr/bin/ld: cannot find -lpthreads
collect2: error: ld returned 1 exit status
CMakeFiles/cmTC_f58de.dir/build.make:97: recipe for target 'cmTC_f58de' failed
make[1]: *** [cmTC_f58de] Error 1
make[1]: Leaving directory '/home/venom/ros/demo2_ws/build/ar_slam/CMakeFiles/CMakeTmp'
Makefile:126: recipe for target 'cmTC_f58de/fast' failed
make: *** [cmTC_f58de/fast] Error 2


