Determining if the pthread_create exist failed with the following output:
Change Dir: /home/venom/ros/turtleBot3_ws/build/turtlebot3_bringup/CMakeFiles/CMakeTmp

Run Build Command:"/usr/bin/make" "cmTC_959f7/fast"
/usr/bin/make -f CMakeFiles/cmTC_959f7.dir/build.make CMakeFiles/cmTC_959f7.dir/build
make[1]: Entering directory '/home/venom/ros/turtleBot3_ws/build/turtlebot3_bringup/CMakeFiles/CMakeTmp'
Building C object CMakeFiles/cmTC_959f7.dir/CheckSymbolExists.c.o
/usr/bin/cc    -o CMakeFiles/cmTC_959f7.dir/CheckSymbolExists.c.o   -c /home/venom/ros/turtleBot3_ws/build/turtlebot3_bringup/CMakeFiles/CMakeTmp/CheckSymbolExists.c
Linking C executable cmTC_959f7
/usr/bin/cmake -E cmake_link_script CMakeFiles/cmTC_959f7.dir/link.txt --verbose=1
/usr/bin/cc      -rdynamic CMakeFiles/cmTC_959f7.dir/CheckSymbolExists.c.o  -o cmTC_959f7 
CMakeFiles/cmTC_959f7.dir/CheckSymbolExists.c.o: In function `main':
CheckSymbolExists.c:(.text+0x1b): undefined reference to `pthread_create'
collect2: error: ld returned 1 exit status
CMakeFiles/cmTC_959f7.dir/build.make:97: recipe for target 'cmTC_959f7' failed
make[1]: *** [cmTC_959f7] Error 1
make[1]: Leaving directory '/home/venom/ros/turtleBot3_ws/build/turtlebot3_bringup/CMakeFiles/CMakeTmp'
Makefile:126: recipe for target 'cmTC_959f7/fast' failed
make: *** [cmTC_959f7/fast] Error 2

File /home/venom/ros/turtleBot3_ws/build/turtlebot3_bringup/CMakeFiles/CMakeTmp/CheckSymbolExists.c:
/* */
#include <pthread.h>

int main(int argc, char** argv)
{
  (void)argv;
#ifndef pthread_create
  return ((int*)(&pthread_create))[argc];
#else
  (void)argc;
  return 0;
#endif
}

Determining if the function pthread_create exists in the pthreads failed with the following output:
Change Dir: /home/venom/ros/turtleBot3_ws/build/turtlebot3_bringup/CMakeFiles/CMakeTmp

Run Build Command:"/usr/bin/make" "cmTC_7346e/fast"
/usr/bin/make -f CMakeFiles/cmTC_7346e.dir/build.make CMakeFiles/cmTC_7346e.dir/build
make[1]: Entering directory '/home/venom/ros/turtleBot3_ws/build/turtlebot3_bringup/CMakeFiles/CMakeTmp'
Building C object CMakeFiles/cmTC_7346e.dir/CheckFunctionExists.c.o
/usr/bin/cc   -DCHECK_FUNCTION_EXISTS=pthread_create   -o CMakeFiles/cmTC_7346e.dir/CheckFunctionExists.c.o   -c /usr/share/cmake-3.10/Modules/CheckFunctionExists.c
Linking C executable cmTC_7346e
/usr/bin/cmake -E cmake_link_script CMakeFiles/cmTC_7346e.dir/link.txt --verbose=1
/usr/bin/cc  -DCHECK_FUNCTION_EXISTS=pthread_create    -rdynamic CMakeFiles/cmTC_7346e.dir/CheckFunctionExists.c.o  -o cmTC_7346e -lpthreads 
/usr/bin/ld: cannot find -lpthreads
collect2: error: ld returned 1 exit status
CMakeFiles/cmTC_7346e.dir/build.make:97: recipe for target 'cmTC_7346e' failed
make[1]: *** [cmTC_7346e] Error 1
make[1]: Leaving directory '/home/venom/ros/turtleBot3_ws/build/turtlebot3_bringup/CMakeFiles/CMakeTmp'
Makefile:126: recipe for target 'cmTC_7346e/fast' failed
make: *** [cmTC_7346e/fast] Error 2


