Determining if the pthread_create exist failed with the following output:
Change Dir: /home/venom/ros/demo2_ws/build/simulation_environment/CMakeFiles/CMakeTmp

Run Build Command:"/usr/bin/make" "cmTC_a9017/fast"
/usr/bin/make -f CMakeFiles/cmTC_a9017.dir/build.make CMakeFiles/cmTC_a9017.dir/build
make[1]: Entering directory '/home/venom/ros/demo2_ws/build/simulation_environment/CMakeFiles/CMakeTmp'
Building C object CMakeFiles/cmTC_a9017.dir/CheckSymbolExists.c.o
/usr/bin/cc    -o CMakeFiles/cmTC_a9017.dir/CheckSymbolExists.c.o   -c /home/venom/ros/demo2_ws/build/simulation_environment/CMakeFiles/CMakeTmp/CheckSymbolExists.c
Linking C executable cmTC_a9017
/usr/bin/cmake -E cmake_link_script CMakeFiles/cmTC_a9017.dir/link.txt --verbose=1
/usr/bin/cc      -rdynamic CMakeFiles/cmTC_a9017.dir/CheckSymbolExists.c.o  -o cmTC_a9017 
CMakeFiles/cmTC_a9017.dir/CheckSymbolExists.c.o: In function `main':
CheckSymbolExists.c:(.text+0x1b): undefined reference to `pthread_create'
collect2: error: ld returned 1 exit status
CMakeFiles/cmTC_a9017.dir/build.make:97: recipe for target 'cmTC_a9017' failed
make[1]: *** [cmTC_a9017] Error 1
make[1]: Leaving directory '/home/venom/ros/demo2_ws/build/simulation_environment/CMakeFiles/CMakeTmp'
Makefile:126: recipe for target 'cmTC_a9017/fast' failed
make: *** [cmTC_a9017/fast] Error 2

File /home/venom/ros/demo2_ws/build/simulation_environment/CMakeFiles/CMakeTmp/CheckSymbolExists.c:
/* */
#include <pthread.h>

int main(int argc, char** argv)
{
  (void)argv;
#ifndef pthread_create
  return ((int*)(&pthread_create))[argc];
#else
  (void)argc;
  return 0;
#endif
}

Determining if the function pthread_create exists in the pthreads failed with the following output:
Change Dir: /home/venom/ros/demo2_ws/build/simulation_environment/CMakeFiles/CMakeTmp

Run Build Command:"/usr/bin/make" "cmTC_29283/fast"
/usr/bin/make -f CMakeFiles/cmTC_29283.dir/build.make CMakeFiles/cmTC_29283.dir/build
make[1]: Entering directory '/home/venom/ros/demo2_ws/build/simulation_environment/CMakeFiles/CMakeTmp'
Building C object CMakeFiles/cmTC_29283.dir/CheckFunctionExists.c.o
/usr/bin/cc   -DCHECK_FUNCTION_EXISTS=pthread_create   -o CMakeFiles/cmTC_29283.dir/CheckFunctionExists.c.o   -c /usr/share/cmake-3.10/Modules/CheckFunctionExists.c
Linking C executable cmTC_29283
/usr/bin/cmake -E cmake_link_script CMakeFiles/cmTC_29283.dir/link.txt --verbose=1
/usr/bin/cc  -DCHECK_FUNCTION_EXISTS=pthread_create    -rdynamic CMakeFiles/cmTC_29283.dir/CheckFunctionExists.c.o  -o cmTC_29283 -lpthreads 
/usr/bin/ld: cannot find -lpthreads
collect2: error: ld returned 1 exit status
CMakeFiles/cmTC_29283.dir/build.make:97: recipe for target 'cmTC_29283' failed
make[1]: *** [cmTC_29283] Error 1
make[1]: Leaving directory '/home/venom/ros/demo2_ws/build/simulation_environment/CMakeFiles/CMakeTmp'
Makefile:126: recipe for target 'cmTC_29283/fast' failed
make: *** [cmTC_29283/fast] Error 2


