Determining if the pthread_create exist failed with the following output:
Change Dir: /home/venom/ros/urdf_practice_ws/build/tutorial/CMakeFiles/CMakeTmp

Run Build Command:"/usr/bin/make" "cmTC_69c1d/fast"
/usr/bin/make -f CMakeFiles/cmTC_69c1d.dir/build.make CMakeFiles/cmTC_69c1d.dir/build
make[1]: Entering directory '/home/venom/ros/urdf_practice_ws/build/tutorial/CMakeFiles/CMakeTmp'
Building C object CMakeFiles/cmTC_69c1d.dir/CheckSymbolExists.c.o
/usr/bin/cc    -o CMakeFiles/cmTC_69c1d.dir/CheckSymbolExists.c.o   -c /home/venom/ros/urdf_practice_ws/build/tutorial/CMakeFiles/CMakeTmp/CheckSymbolExists.c
Linking C executable cmTC_69c1d
/usr/bin/cmake -E cmake_link_script CMakeFiles/cmTC_69c1d.dir/link.txt --verbose=1
/usr/bin/cc      -rdynamic CMakeFiles/cmTC_69c1d.dir/CheckSymbolExists.c.o  -o cmTC_69c1d 
CMakeFiles/cmTC_69c1d.dir/CheckSymbolExists.c.o: In function `main':
CheckSymbolExists.c:(.text+0x1b): undefined reference to `pthread_create'
collect2: error: ld returned 1 exit status
CMakeFiles/cmTC_69c1d.dir/build.make:97: recipe for target 'cmTC_69c1d' failed
make[1]: *** [cmTC_69c1d] Error 1
make[1]: Leaving directory '/home/venom/ros/urdf_practice_ws/build/tutorial/CMakeFiles/CMakeTmp'
Makefile:126: recipe for target 'cmTC_69c1d/fast' failed
make: *** [cmTC_69c1d/fast] Error 2

File /home/venom/ros/urdf_practice_ws/build/tutorial/CMakeFiles/CMakeTmp/CheckSymbolExists.c:
/* */
#include <pthread.h>

int main(int argc, char** argv)
{
  (void)argv;
#ifndef pthread_create
  return ((int*)(&pthread_create))[argc];
#else
  (void)argc;
  return 0;
#endif
}

Determining if the function pthread_create exists in the pthreads failed with the following output:
Change Dir: /home/venom/ros/urdf_practice_ws/build/tutorial/CMakeFiles/CMakeTmp

Run Build Command:"/usr/bin/make" "cmTC_de62d/fast"
/usr/bin/make -f CMakeFiles/cmTC_de62d.dir/build.make CMakeFiles/cmTC_de62d.dir/build
make[1]: Entering directory '/home/venom/ros/urdf_practice_ws/build/tutorial/CMakeFiles/CMakeTmp'
Building C object CMakeFiles/cmTC_de62d.dir/CheckFunctionExists.c.o
/usr/bin/cc   -DCHECK_FUNCTION_EXISTS=pthread_create   -o CMakeFiles/cmTC_de62d.dir/CheckFunctionExists.c.o   -c /usr/share/cmake-3.10/Modules/CheckFunctionExists.c
Linking C executable cmTC_de62d
/usr/bin/cmake -E cmake_link_script CMakeFiles/cmTC_de62d.dir/link.txt --verbose=1
/usr/bin/cc  -DCHECK_FUNCTION_EXISTS=pthread_create    -rdynamic CMakeFiles/cmTC_de62d.dir/CheckFunctionExists.c.o  -o cmTC_de62d -lpthreads 
/usr/bin/ld: cannot find -lpthreads
collect2: error: ld returned 1 exit status
CMakeFiles/cmTC_de62d.dir/build.make:97: recipe for target 'cmTC_de62d' failed
make[1]: *** [cmTC_de62d] Error 1
make[1]: Leaving directory '/home/venom/ros/urdf_practice_ws/build/tutorial/CMakeFiles/CMakeTmp'
Makefile:126: recipe for target 'cmTC_de62d/fast' failed
make: *** [cmTC_de62d/fast] Error 2


