Determining if the pthread_create exist failed with the following output:
Change Dir: /home/venom/ros/turtleBot3_ws/build/turtlebot3_gazebo/CMakeFiles/CMakeTmp

Run Build Command:"/usr/bin/make" "cmTC_219be/fast"
/usr/bin/make -f CMakeFiles/cmTC_219be.dir/build.make CMakeFiles/cmTC_219be.dir/build
make[1]: Entering directory '/home/venom/ros/turtleBot3_ws/build/turtlebot3_gazebo/CMakeFiles/CMakeTmp'
Building C object CMakeFiles/cmTC_219be.dir/CheckSymbolExists.c.o
/usr/bin/cc    -o CMakeFiles/cmTC_219be.dir/CheckSymbolExists.c.o   -c /home/venom/ros/turtleBot3_ws/build/turtlebot3_gazebo/CMakeFiles/CMakeTmp/CheckSymbolExists.c
Linking C executable cmTC_219be
/usr/bin/cmake -E cmake_link_script CMakeFiles/cmTC_219be.dir/link.txt --verbose=1
/usr/bin/cc      -rdynamic CMakeFiles/cmTC_219be.dir/CheckSymbolExists.c.o  -o cmTC_219be 
CMakeFiles/cmTC_219be.dir/CheckSymbolExists.c.o: In function `main':
CheckSymbolExists.c:(.text+0x1b): undefined reference to `pthread_create'
collect2: error: ld returned 1 exit status
CMakeFiles/cmTC_219be.dir/build.make:97: recipe for target 'cmTC_219be' failed
make[1]: *** [cmTC_219be] Error 1
make[1]: Leaving directory '/home/venom/ros/turtleBot3_ws/build/turtlebot3_gazebo/CMakeFiles/CMakeTmp'
Makefile:126: recipe for target 'cmTC_219be/fast' failed
make: *** [cmTC_219be/fast] Error 2

File /home/venom/ros/turtleBot3_ws/build/turtlebot3_gazebo/CMakeFiles/CMakeTmp/CheckSymbolExists.c:
/* */
#include <pthread.h>

int main(int argc, char** argv)
{
  (void)argv;
#ifndef pthread_create
  return ((int*)(&pthread_create))[argc];
#else
  (void)argc;
  return 0;
#endif
}

Determining if the function pthread_create exists in the pthreads failed with the following output:
Change Dir: /home/venom/ros/turtleBot3_ws/build/turtlebot3_gazebo/CMakeFiles/CMakeTmp

Run Build Command:"/usr/bin/make" "cmTC_2718a/fast"
/usr/bin/make -f CMakeFiles/cmTC_2718a.dir/build.make CMakeFiles/cmTC_2718a.dir/build
make[1]: Entering directory '/home/venom/ros/turtleBot3_ws/build/turtlebot3_gazebo/CMakeFiles/CMakeTmp'
Building C object CMakeFiles/cmTC_2718a.dir/CheckFunctionExists.c.o
/usr/bin/cc   -DCHECK_FUNCTION_EXISTS=pthread_create   -o CMakeFiles/cmTC_2718a.dir/CheckFunctionExists.c.o   -c /usr/share/cmake-3.10/Modules/CheckFunctionExists.c
Linking C executable cmTC_2718a
/usr/bin/cmake -E cmake_link_script CMakeFiles/cmTC_2718a.dir/link.txt --verbose=1
/usr/bin/cc  -DCHECK_FUNCTION_EXISTS=pthread_create    -rdynamic CMakeFiles/cmTC_2718a.dir/CheckFunctionExists.c.o  -o cmTC_2718a -lpthreads 
/usr/bin/ld: cannot find -lpthreads
collect2: error: ld returned 1 exit status
CMakeFiles/cmTC_2718a.dir/build.make:97: recipe for target 'cmTC_2718a' failed
make[1]: *** [cmTC_2718a] Error 1
make[1]: Leaving directory '/home/venom/ros/turtleBot3_ws/build/turtlebot3_gazebo/CMakeFiles/CMakeTmp'
Makefile:126: recipe for target 'cmTC_2718a/fast' failed
make: *** [cmTC_2718a/fast] Error 2


