Determining if the pthread_create exist failed with the following output:
Change Dir: /home/venom/ros/custom_ws/build/rur/CMakeFiles/CMakeTmp

Run Build Command:"/usr/bin/make" "cmTC_e73ca/fast"
/usr/bin/make -f CMakeFiles/cmTC_e73ca.dir/build.make CMakeFiles/cmTC_e73ca.dir/build
make[1]: Entering directory '/home/venom/ros/custom_ws/build/rur/CMakeFiles/CMakeTmp'
Building C object CMakeFiles/cmTC_e73ca.dir/CheckSymbolExists.c.o
/usr/bin/cc    -o CMakeFiles/cmTC_e73ca.dir/CheckSymbolExists.c.o   -c /home/venom/ros/custom_ws/build/rur/CMakeFiles/CMakeTmp/CheckSymbolExists.c
Linking C executable cmTC_e73ca
/usr/bin/cmake -E cmake_link_script CMakeFiles/cmTC_e73ca.dir/link.txt --verbose=1
/usr/bin/cc      -rdynamic CMakeFiles/cmTC_e73ca.dir/CheckSymbolExists.c.o  -o cmTC_e73ca 
CMakeFiles/cmTC_e73ca.dir/CheckSymbolExists.c.o: In function `main':
CheckSymbolExists.c:(.text+0x1b): undefined reference to `pthread_create'
collect2: error: ld returned 1 exit status
CMakeFiles/cmTC_e73ca.dir/build.make:97: recipe for target 'cmTC_e73ca' failed
make[1]: *** [cmTC_e73ca] Error 1
make[1]: Leaving directory '/home/venom/ros/custom_ws/build/rur/CMakeFiles/CMakeTmp'
Makefile:126: recipe for target 'cmTC_e73ca/fast' failed
make: *** [cmTC_e73ca/fast] Error 2

File /home/venom/ros/custom_ws/build/rur/CMakeFiles/CMakeTmp/CheckSymbolExists.c:
/* */
#include <pthread.h>

int main(int argc, char** argv)
{
  (void)argv;
#ifndef pthread_create
  return ((int*)(&pthread_create))[argc];
#else
  (void)argc;
  return 0;
#endif
}

Determining if the function pthread_create exists in the pthreads failed with the following output:
Change Dir: /home/venom/ros/custom_ws/build/rur/CMakeFiles/CMakeTmp

Run Build Command:"/usr/bin/make" "cmTC_c4291/fast"
/usr/bin/make -f CMakeFiles/cmTC_c4291.dir/build.make CMakeFiles/cmTC_c4291.dir/build
make[1]: Entering directory '/home/venom/ros/custom_ws/build/rur/CMakeFiles/CMakeTmp'
Building C object CMakeFiles/cmTC_c4291.dir/CheckFunctionExists.c.o
/usr/bin/cc   -DCHECK_FUNCTION_EXISTS=pthread_create   -o CMakeFiles/cmTC_c4291.dir/CheckFunctionExists.c.o   -c /usr/share/cmake-3.10/Modules/CheckFunctionExists.c
Linking C executable cmTC_c4291
/usr/bin/cmake -E cmake_link_script CMakeFiles/cmTC_c4291.dir/link.txt --verbose=1
/usr/bin/cc  -DCHECK_FUNCTION_EXISTS=pthread_create    -rdynamic CMakeFiles/cmTC_c4291.dir/CheckFunctionExists.c.o  -o cmTC_c4291 -lpthreads 
/usr/bin/ld: cannot find -lpthreads
collect2: error: ld returned 1 exit status
CMakeFiles/cmTC_c4291.dir/build.make:97: recipe for target 'cmTC_c4291' failed
make[1]: *** [cmTC_c4291] Error 1
make[1]: Leaving directory '/home/venom/ros/custom_ws/build/rur/CMakeFiles/CMakeTmp'
Makefile:126: recipe for target 'cmTC_c4291/fast' failed
make: *** [cmTC_c4291/fast] Error 2


