Determining if the pthread_create exist failed with the following output:
Change Dir: /home/venom/ros/demo2_ws/build/final/CMakeFiles/CMakeTmp

Run Build Command:"/usr/bin/make" "cmTC_e709e/fast"
/usr/bin/make -f CMakeFiles/cmTC_e709e.dir/build.make CMakeFiles/cmTC_e709e.dir/build
make[1]: Entering directory '/home/venom/ros/demo2_ws/build/final/CMakeFiles/CMakeTmp'
Building C object CMakeFiles/cmTC_e709e.dir/CheckSymbolExists.c.o
/usr/bin/cc    -o CMakeFiles/cmTC_e709e.dir/CheckSymbolExists.c.o   -c /home/venom/ros/demo2_ws/build/final/CMakeFiles/CMakeTmp/CheckSymbolExists.c
Linking C executable cmTC_e709e
/usr/bin/cmake -E cmake_link_script CMakeFiles/cmTC_e709e.dir/link.txt --verbose=1
/usr/bin/cc      -rdynamic CMakeFiles/cmTC_e709e.dir/CheckSymbolExists.c.o  -o cmTC_e709e 
CMakeFiles/cmTC_e709e.dir/CheckSymbolExists.c.o: In function `main':
CheckSymbolExists.c:(.text+0x1b): undefined reference to `pthread_create'
collect2: error: ld returned 1 exit status
CMakeFiles/cmTC_e709e.dir/build.make:97: recipe for target 'cmTC_e709e' failed
make[1]: *** [cmTC_e709e] Error 1
make[1]: Leaving directory '/home/venom/ros/demo2_ws/build/final/CMakeFiles/CMakeTmp'
Makefile:126: recipe for target 'cmTC_e709e/fast' failed
make: *** [cmTC_e709e/fast] Error 2

File /home/venom/ros/demo2_ws/build/final/CMakeFiles/CMakeTmp/CheckSymbolExists.c:
/* */
#include <pthread.h>

int main(int argc, char** argv)
{
  (void)argv;
#ifndef pthread_create
  return ((int*)(&pthread_create))[argc];
#else
  (void)argc;
  return 0;
#endif
}

Determining if the function pthread_create exists in the pthreads failed with the following output:
Change Dir: /home/venom/ros/demo2_ws/build/final/CMakeFiles/CMakeTmp

Run Build Command:"/usr/bin/make" "cmTC_5740e/fast"
/usr/bin/make -f CMakeFiles/cmTC_5740e.dir/build.make CMakeFiles/cmTC_5740e.dir/build
make[1]: Entering directory '/home/venom/ros/demo2_ws/build/final/CMakeFiles/CMakeTmp'
Building C object CMakeFiles/cmTC_5740e.dir/CheckFunctionExists.c.o
/usr/bin/cc   -DCHECK_FUNCTION_EXISTS=pthread_create   -o CMakeFiles/cmTC_5740e.dir/CheckFunctionExists.c.o   -c /usr/share/cmake-3.10/Modules/CheckFunctionExists.c
Linking C executable cmTC_5740e
/usr/bin/cmake -E cmake_link_script CMakeFiles/cmTC_5740e.dir/link.txt --verbose=1
/usr/bin/cc  -DCHECK_FUNCTION_EXISTS=pthread_create    -rdynamic CMakeFiles/cmTC_5740e.dir/CheckFunctionExists.c.o  -o cmTC_5740e -lpthreads 
/usr/bin/ld: cannot find -lpthreads
collect2: error: ld returned 1 exit status
CMakeFiles/cmTC_5740e.dir/build.make:97: recipe for target 'cmTC_5740e' failed
make[1]: *** [cmTC_5740e] Error 1
make[1]: Leaving directory '/home/venom/ros/demo2_ws/build/final/CMakeFiles/CMakeTmp'
Makefile:126: recipe for target 'cmTC_5740e/fast' failed
make: *** [cmTC_5740e/fast] Error 2


