Determining if the pthread_create exist failed with the following output:
Change Dir: /home/venom/ros/turtleBot3_ws/build/turtlebot3_example/CMakeFiles/CMakeTmp

Run Build Command:"/usr/bin/make" "cmTC_97776/fast"
/usr/bin/make -f CMakeFiles/cmTC_97776.dir/build.make CMakeFiles/cmTC_97776.dir/build
make[1]: Entering directory '/home/venom/ros/turtleBot3_ws/build/turtlebot3_example/CMakeFiles/CMakeTmp'
Building C object CMakeFiles/cmTC_97776.dir/CheckSymbolExists.c.o
/usr/bin/cc    -o CMakeFiles/cmTC_97776.dir/CheckSymbolExists.c.o   -c /home/venom/ros/turtleBot3_ws/build/turtlebot3_example/CMakeFiles/CMakeTmp/CheckSymbolExists.c
Linking C executable cmTC_97776
/usr/bin/cmake -E cmake_link_script CMakeFiles/cmTC_97776.dir/link.txt --verbose=1
/usr/bin/cc      -rdynamic CMakeFiles/cmTC_97776.dir/CheckSymbolExists.c.o  -o cmTC_97776 
CMakeFiles/cmTC_97776.dir/CheckSymbolExists.c.o: In function `main':
CheckSymbolExists.c:(.text+0x1b): undefined reference to `pthread_create'
collect2: error: ld returned 1 exit status
CMakeFiles/cmTC_97776.dir/build.make:97: recipe for target 'cmTC_97776' failed
make[1]: *** [cmTC_97776] Error 1
make[1]: Leaving directory '/home/venom/ros/turtleBot3_ws/build/turtlebot3_example/CMakeFiles/CMakeTmp'
Makefile:126: recipe for target 'cmTC_97776/fast' failed
make: *** [cmTC_97776/fast] Error 2

File /home/venom/ros/turtleBot3_ws/build/turtlebot3_example/CMakeFiles/CMakeTmp/CheckSymbolExists.c:
/* */
#include <pthread.h>

int main(int argc, char** argv)
{
  (void)argv;
#ifndef pthread_create
  return ((int*)(&pthread_create))[argc];
#else
  (void)argc;
  return 0;
#endif
}

Determining if the function pthread_create exists in the pthreads failed with the following output:
Change Dir: /home/venom/ros/turtleBot3_ws/build/turtlebot3_example/CMakeFiles/CMakeTmp

Run Build Command:"/usr/bin/make" "cmTC_ba916/fast"
/usr/bin/make -f CMakeFiles/cmTC_ba916.dir/build.make CMakeFiles/cmTC_ba916.dir/build
make[1]: Entering directory '/home/venom/ros/turtleBot3_ws/build/turtlebot3_example/CMakeFiles/CMakeTmp'
Building C object CMakeFiles/cmTC_ba916.dir/CheckFunctionExists.c.o
/usr/bin/cc   -DCHECK_FUNCTION_EXISTS=pthread_create   -o CMakeFiles/cmTC_ba916.dir/CheckFunctionExists.c.o   -c /usr/share/cmake-3.10/Modules/CheckFunctionExists.c
Linking C executable cmTC_ba916
/usr/bin/cmake -E cmake_link_script CMakeFiles/cmTC_ba916.dir/link.txt --verbose=1
/usr/bin/cc  -DCHECK_FUNCTION_EXISTS=pthread_create    -rdynamic CMakeFiles/cmTC_ba916.dir/CheckFunctionExists.c.o  -o cmTC_ba916 -lpthreads 
/usr/bin/ld: cannot find -lpthreads
collect2: error: ld returned 1 exit status
CMakeFiles/cmTC_ba916.dir/build.make:97: recipe for target 'cmTC_ba916' failed
make[1]: *** [cmTC_ba916] Error 1
make[1]: Leaving directory '/home/venom/ros/turtleBot3_ws/build/turtlebot3_example/CMakeFiles/CMakeTmp'
Makefile:126: recipe for target 'cmTC_ba916/fast' failed
make: *** [cmTC_ba916/fast] Error 2


