Symlinking /home/venom/ros/hrwros_ws/devel/include/hrwros_gazebo/LogicalCameraImage.h
Symlinking /home/venom/ros/hrwros_ws/devel/include/hrwros_gazebo/ConveyorBeltControlResponse.h
Symlinking /home/venom/ros/hrwros_ws/devel/include/hrwros_gazebo/VacuumGripperState.h
Symlinking /home/venom/ros/hrwros_ws/devel/include/hrwros_gazebo/VacuumGripperControlRequest.h
Symlinking /home/venom/ros/hrwros_ws/devel/include/hrwros_gazebo/VacuumGripperControlResponse.h
Symlinking /home/venom/ros/hrwros_ws/devel/include/hrwros_gazebo/ConveyorBeltState.h
Symlinking /home/venom/ros/hrwros_ws/devel/include/hrwros_gazebo/VacuumGripperControl.h
Symlinking /home/venom/ros/hrwros_ws/devel/include/hrwros_gazebo/ConveyorBeltControl.h
Symlinking /home/venom/ros/hrwros_ws/devel/include/hrwros_gazebo/Proximity.h
Symlinking /home/venom/ros/hrwros_ws/devel/include/hrwros_gazebo/ConveyorBeltControlRequest.h
Symlinking /home/venom/ros/hrwros_ws/devel/include/hrwros_gazebo/Model.h
Symlinking /home/venom/ros/hrwros_ws/devel/share/common-lisp/ros/hrwros_gazebo/msg/_package_ConveyorBeltState.lisp
Symlinking /home/venom/ros/hrwros_ws/devel/share/common-lisp/ros/hrwros_gazebo/msg/_package.lisp
Symlinking /home/venom/ros/hrwros_ws/devel/share/common-lisp/ros/hrwros_gazebo/msg/Model.lisp
Symlinking /home/venom/ros/hrwros_ws/devel/share/common-lisp/ros/hrwros_gazebo/msg/_package_VacuumGripperState.lisp
Symlinking /home/venom/ros/hrwros_ws/devel/share/common-lisp/ros/hrwros_gazebo/msg/_package_LogicalCameraImage.lisp
Symlinking /home/venom/ros/hrwros_ws/devel/share/common-lisp/ros/hrwros_gazebo/msg/_package_Proximity.lisp
Symlinking /home/venom/ros/hrwros_ws/devel/share/common-lisp/ros/hrwros_gazebo/msg/VacuumGripperState.lisp
Symlinking /home/venom/ros/hrwros_ws/devel/share/common-lisp/ros/hrwros_gazebo/msg/ConveyorBeltState.lisp
Symlinking /home/venom/ros/hrwros_ws/devel/share/common-lisp/ros/hrwros_gazebo/msg/hrwros_gazebo-msg.asd
Symlinking /home/venom/ros/hrwros_ws/devel/share/common-lisp/ros/hrwros_gazebo/msg/Proximity.lisp
Symlinking /home/venom/ros/hrwros_ws/devel/share/common-lisp/ros/hrwros_gazebo/msg/LogicalCameraImage.lisp
Symlinking /home/venom/ros/hrwros_ws/devel/share/common-lisp/ros/hrwros_gazebo/msg/_package_Model.lisp
Symlinking /home/venom/ros/hrwros_ws/devel/share/common-lisp/ros/hrwros_gazebo/srv/_package.lisp
Symlinking /home/venom/ros/hrwros_ws/devel/share/common-lisp/ros/hrwros_gazebo/srv/ConveyorBeltControl.lisp
Symlinking /home/venom/ros/hrwros_ws/devel/share/common-lisp/ros/hrwros_gazebo/srv/hrwros_gazebo-srv.asd
Symlinking /home/venom/ros/hrwros_ws/devel/share/common-lisp/ros/hrwros_gazebo/srv/_package_ConveyorBeltControl.lisp
Symlinking /home/venom/ros/hrwros_ws/devel/share/common-lisp/ros/hrwros_gazebo/srv/VacuumGripperControl.lisp
Symlinking /home/venom/ros/hrwros_ws/devel/share/common-lisp/ros/hrwros_gazebo/srv/_package_VacuumGripperControl.lisp
Symlinking /home/venom/ros/hrwros_ws/devel/share/gennodejs/ros/hrwros_gazebo/_index.js
Symlinking /home/venom/ros/hrwros_ws/devel/share/gennodejs/ros/hrwros_gazebo/msg/VacuumGripperState.js
Symlinking /home/venom/ros/hrwros_ws/devel/share/gennodejs/ros/hrwros_gazebo/msg/Model.js
Symlinking /home/venom/ros/hrwros_ws/devel/share/gennodejs/ros/hrwros_gazebo/msg/_index.js
Symlinking /home/venom/ros/hrwros_ws/devel/share/gennodejs/ros/hrwros_gazebo/msg/LogicalCameraImage.js
Symlinking /home/venom/ros/hrwros_ws/devel/share/gennodejs/ros/hrwros_gazebo/msg/Proximity.js
Symlinking /home/venom/ros/hrwros_ws/devel/share/gennodejs/ros/hrwros_gazebo/msg/ConveyorBeltState.js
Symlinking /home/venom/ros/hrwros_ws/devel/share/gennodejs/ros/hrwros_gazebo/srv/VacuumGripperControl.js
Symlinking /home/venom/ros/hrwros_ws/devel/share/gennodejs/ros/hrwros_gazebo/srv/_index.js
Symlinking /home/venom/ros/hrwros_ws/devel/share/gennodejs/ros/hrwros_gazebo/srv/ConveyorBeltControl.js
Symlinking /home/venom/ros/hrwros_ws/devel/share/hrwros_gazebo/cmake/hrwros_gazebo-msg-extras.cmake
Symlinking /home/venom/ros/hrwros_ws/devel/share/hrwros_gazebo/cmake/hrwros_gazeboConfig-version.cmake
Symlinking /home/venom/ros/hrwros_ws/devel/share/hrwros_gazebo/cmake/hrwros_gazeboConfig.cmake
Symlinking /home/venom/ros/hrwros_ws/devel/share/hrwros_gazebo/cmake/hrwros_gazebo-msg-paths.cmake
Symlinking /home/venom/ros/hrwros_ws/devel/share/roseus/ros/hrwros_gazebo/manifest.l
Symlinking /home/venom/ros/hrwros_ws/devel/share/roseus/ros/hrwros_gazebo/msg/Model.l
Symlinking /home/venom/ros/hrwros_ws/devel/share/roseus/ros/hrwros_gazebo/msg/ConveyorBeltState.l
Symlinking /home/venom/ros/hrwros_ws/devel/share/roseus/ros/hrwros_gazebo/msg/VacuumGripperState.l
Symlinking /home/venom/ros/hrwros_ws/devel/share/roseus/ros/hrwros_gazebo/msg/Proximity.l
Symlinking /home/venom/ros/hrwros_ws/devel/share/roseus/ros/hrwros_gazebo/msg/LogicalCameraImage.l
Symlinking /home/venom/ros/hrwros_ws/devel/share/roseus/ros/hrwros_gazebo/srv/ConveyorBeltControl.l
Symlinking /home/venom/ros/hrwros_ws/devel/share/roseus/ros/hrwros_gazebo/srv/VacuumGripperControl.l
Symlinking /home/venom/ros/hrwros_ws/devel/lib/liburdf_creator.so
Symlinking /home/venom/ros/hrwros_ws/devel/lib/libConveyorBeltPlugin.so
Symlinking /home/venom/ros/hrwros_ws/devel/lib/libROSProximityRayPlugin.so
Symlinking /home/venom/ros/hrwros_ws/devel/lib/libROSConveyorBeltPlugin.so
Symlinking /home/venom/ros/hrwros_ws/devel/lib/libSideContactPlugin.so
Symlinking /home/venom/ros/hrwros_ws/devel/lib/libProximityRayPlugin.so
Symlinking /home/venom/ros/hrwros_ws/devel/lib/libVacuumGripperPlugin.so
Symlinking /home/venom/ros/hrwros_ws/devel/lib/libconveyor_spawner.so
Symlinking /home/venom/ros/hrwros_ws/devel/lib/libObjectDisposalPlugin.so
Symlinking /home/venom/ros/hrwros_ws/devel/lib/libROSLogicalCameraPlugin.so
Symlinking /home/venom/ros/hrwros_ws/devel/lib/libROSVacuumGripperPlugin.so
Symlinking /home/venom/ros/hrwros_ws/devel/lib/pkgconfig/hrwros_gazebo.pc
Symlinking /home/venom/ros/hrwros_ws/devel/lib/hrwros_gazebo/conveyor_spawner_node
Symlinking /home/venom/ros/hrwros_ws/devel/lib/hrwros_gazebo/urdf_creator_test_node
Symlinking /home/venom/ros/hrwros_ws/devel/lib/python2.7/dist-packages/hrwros_gazebo/__init__.py
Symlinking /home/venom/ros/hrwros_ws/devel/lib/python2.7/dist-packages/hrwros_gazebo/msg/__init__.py
Symlinking /home/venom/ros/hrwros_ws/devel/lib/python2.7/dist-packages/hrwros_gazebo/msg/_LogicalCameraImage.py
Symlinking /home/venom/ros/hrwros_ws/devel/lib/python2.7/dist-packages/hrwros_gazebo/msg/_Proximity.py
Symlinking /home/venom/ros/hrwros_ws/devel/lib/python2.7/dist-packages/hrwros_gazebo/msg/_ConveyorBeltState.py
Symlinking /home/venom/ros/hrwros_ws/devel/lib/python2.7/dist-packages/hrwros_gazebo/msg/_Model.py
Symlinking /home/venom/ros/hrwros_ws/devel/lib/python2.7/dist-packages/hrwros_gazebo/msg/_VacuumGripperState.py
Symlinking /home/venom/ros/hrwros_ws/devel/lib/python2.7/dist-packages/hrwros_gazebo/srv/__init__.py
Symlinking /home/venom/ros/hrwros_ws/devel/lib/python2.7/dist-packages/hrwros_gazebo/srv/_ConveyorBeltControl.py
Symlinking /home/venom/ros/hrwros_ws/devel/lib/python2.7/dist-packages/hrwros_gazebo/srv/_VacuumGripperControl.py
