Determining if the pthread_create exist failed with the following output:
Change Dir: /home/venom/ros/hrwros_ws/build/ur_e_gazebo/CMakeFiles/CMakeTmp

Run Build Command:"/usr/bin/make" "cmTC_ddf63/fast"
/usr/bin/make -f CMakeFiles/cmTC_ddf63.dir/build.make CMakeFiles/cmTC_ddf63.dir/build
make[1]: Entering directory '/home/venom/ros/hrwros_ws/build/ur_e_gazebo/CMakeFiles/CMakeTmp'
Building C object CMakeFiles/cmTC_ddf63.dir/CheckSymbolExists.c.o
/usr/bin/cc    -o CMakeFiles/cmTC_ddf63.dir/CheckSymbolExists.c.o   -c /home/venom/ros/hrwros_ws/build/ur_e_gazebo/CMakeFiles/CMakeTmp/CheckSymbolExists.c
Linking C executable cmTC_ddf63
/usr/bin/cmake -E cmake_link_script CMakeFiles/cmTC_ddf63.dir/link.txt --verbose=1
/usr/bin/cc      -rdynamic CMakeFiles/cmTC_ddf63.dir/CheckSymbolExists.c.o  -o cmTC_ddf63 
CMakeFiles/cmTC_ddf63.dir/CheckSymbolExists.c.o: In function `main':
CheckSymbolExists.c:(.text+0x1b): undefined reference to `pthread_create'
collect2: error: ld returned 1 exit status
CMakeFiles/cmTC_ddf63.dir/build.make:97: recipe for target 'cmTC_ddf63' failed
make[1]: *** [cmTC_ddf63] Error 1
make[1]: Leaving directory '/home/venom/ros/hrwros_ws/build/ur_e_gazebo/CMakeFiles/CMakeTmp'
Makefile:126: recipe for target 'cmTC_ddf63/fast' failed
make: *** [cmTC_ddf63/fast] Error 2

File /home/venom/ros/hrwros_ws/build/ur_e_gazebo/CMakeFiles/CMakeTmp/CheckSymbolExists.c:
/* */
#include <pthread.h>

int main(int argc, char** argv)
{
  (void)argv;
#ifndef pthread_create
  return ((int*)(&pthread_create))[argc];
#else
  (void)argc;
  return 0;
#endif
}

Determining if the function pthread_create exists in the pthreads failed with the following output:
Change Dir: /home/venom/ros/hrwros_ws/build/ur_e_gazebo/CMakeFiles/CMakeTmp

Run Build Command:"/usr/bin/make" "cmTC_377b9/fast"
/usr/bin/make -f CMakeFiles/cmTC_377b9.dir/build.make CMakeFiles/cmTC_377b9.dir/build
make[1]: Entering directory '/home/venom/ros/hrwros_ws/build/ur_e_gazebo/CMakeFiles/CMakeTmp'
Building C object CMakeFiles/cmTC_377b9.dir/CheckFunctionExists.c.o
/usr/bin/cc   -DCHECK_FUNCTION_EXISTS=pthread_create   -o CMakeFiles/cmTC_377b9.dir/CheckFunctionExists.c.o   -c /usr/share/cmake-3.10/Modules/CheckFunctionExists.c
Linking C executable cmTC_377b9
/usr/bin/cmake -E cmake_link_script CMakeFiles/cmTC_377b9.dir/link.txt --verbose=1
/usr/bin/cc  -DCHECK_FUNCTION_EXISTS=pthread_create    -rdynamic CMakeFiles/cmTC_377b9.dir/CheckFunctionExists.c.o  -o cmTC_377b9 -lpthreads 
/usr/bin/ld: cannot find -lpthreads
collect2: error: ld returned 1 exit status
CMakeFiles/cmTC_377b9.dir/build.make:97: recipe for target 'cmTC_377b9' failed
make[1]: *** [cmTC_377b9] Error 1
make[1]: Leaving directory '/home/venom/ros/hrwros_ws/build/ur_e_gazebo/CMakeFiles/CMakeTmp'
Makefile:126: recipe for target 'cmTC_377b9/fast' failed
make: *** [cmTC_377b9/fast] Error 2


