Determining if the pthread_create exist failed with the following output:
Change Dir: /home/venom/ros/hrwros_ws/build/ur5_moveit_config/CMakeFiles/CMakeTmp

Run Build Command:"/usr/bin/make" "cmTC_85e81/fast"
/usr/bin/make -f CMakeFiles/cmTC_85e81.dir/build.make CMakeFiles/cmTC_85e81.dir/build
make[1]: Entering directory '/home/venom/ros/hrwros_ws/build/ur5_moveit_config/CMakeFiles/CMakeTmp'
Building C object CMakeFiles/cmTC_85e81.dir/CheckSymbolExists.c.o
/usr/bin/cc    -o CMakeFiles/cmTC_85e81.dir/CheckSymbolExists.c.o   -c /home/venom/ros/hrwros_ws/build/ur5_moveit_config/CMakeFiles/CMakeTmp/CheckSymbolExists.c
Linking C executable cmTC_85e81
/usr/bin/cmake -E cmake_link_script CMakeFiles/cmTC_85e81.dir/link.txt --verbose=1
/usr/bin/cc      -rdynamic CMakeFiles/cmTC_85e81.dir/CheckSymbolExists.c.o  -o cmTC_85e81 
CMakeFiles/cmTC_85e81.dir/CheckSymbolExists.c.o: In function `main':
CheckSymbolExists.c:(.text+0x1b): undefined reference to `pthread_create'
collect2: error: ld returned 1 exit status
CMakeFiles/cmTC_85e81.dir/build.make:97: recipe for target 'cmTC_85e81' failed
make[1]: *** [cmTC_85e81] Error 1
make[1]: Leaving directory '/home/venom/ros/hrwros_ws/build/ur5_moveit_config/CMakeFiles/CMakeTmp'
Makefile:126: recipe for target 'cmTC_85e81/fast' failed
make: *** [cmTC_85e81/fast] Error 2

File /home/venom/ros/hrwros_ws/build/ur5_moveit_config/CMakeFiles/CMakeTmp/CheckSymbolExists.c:
/* */
#include <pthread.h>

int main(int argc, char** argv)
{
  (void)argv;
#ifndef pthread_create
  return ((int*)(&pthread_create))[argc];
#else
  (void)argc;
  return 0;
#endif
}

Determining if the function pthread_create exists in the pthreads failed with the following output:
Change Dir: /home/venom/ros/hrwros_ws/build/ur5_moveit_config/CMakeFiles/CMakeTmp

Run Build Command:"/usr/bin/make" "cmTC_4b89c/fast"
/usr/bin/make -f CMakeFiles/cmTC_4b89c.dir/build.make CMakeFiles/cmTC_4b89c.dir/build
make[1]: Entering directory '/home/venom/ros/hrwros_ws/build/ur5_moveit_config/CMakeFiles/CMakeTmp'
Building C object CMakeFiles/cmTC_4b89c.dir/CheckFunctionExists.c.o
/usr/bin/cc   -DCHECK_FUNCTION_EXISTS=pthread_create   -o CMakeFiles/cmTC_4b89c.dir/CheckFunctionExists.c.o   -c /usr/share/cmake-3.10/Modules/CheckFunctionExists.c
Linking C executable cmTC_4b89c
/usr/bin/cmake -E cmake_link_script CMakeFiles/cmTC_4b89c.dir/link.txt --verbose=1
/usr/bin/cc  -DCHECK_FUNCTION_EXISTS=pthread_create    -rdynamic CMakeFiles/cmTC_4b89c.dir/CheckFunctionExists.c.o  -o cmTC_4b89c -lpthreads 
/usr/bin/ld: cannot find -lpthreads
collect2: error: ld returned 1 exit status
CMakeFiles/cmTC_4b89c.dir/build.make:97: recipe for target 'cmTC_4b89c' failed
make[1]: *** [cmTC_4b89c] Error 1
make[1]: Leaving directory '/home/venom/ros/hrwros_ws/build/ur5_moveit_config/CMakeFiles/CMakeTmp'
Makefile:126: recipe for target 'cmTC_4b89c/fast' failed
make: *** [cmTC_4b89c/fast] Error 2


