Determining if the pthread_create exist failed with the following output:
Change Dir: /home/venom/ros/demo2_ws/build/ar_teleop/CMakeFiles/CMakeTmp

Run Build Command:"/usr/bin/make" "cmTC_17950/fast"
/usr/bin/make -f CMakeFiles/cmTC_17950.dir/build.make CMakeFiles/cmTC_17950.dir/build
make[1]: Entering directory '/home/venom/ros/demo2_ws/build/ar_teleop/CMakeFiles/CMakeTmp'
Building C object CMakeFiles/cmTC_17950.dir/CheckSymbolExists.c.o
/usr/bin/cc    -o CMakeFiles/cmTC_17950.dir/CheckSymbolExists.c.o   -c /home/venom/ros/demo2_ws/build/ar_teleop/CMakeFiles/CMakeTmp/CheckSymbolExists.c
Linking C executable cmTC_17950
/usr/bin/cmake -E cmake_link_script CMakeFiles/cmTC_17950.dir/link.txt --verbose=1
/usr/bin/cc      -rdynamic CMakeFiles/cmTC_17950.dir/CheckSymbolExists.c.o  -o cmTC_17950 
CMakeFiles/cmTC_17950.dir/CheckSymbolExists.c.o: In function `main':
CheckSymbolExists.c:(.text+0x1b): undefined reference to `pthread_create'
collect2: error: ld returned 1 exit status
CMakeFiles/cmTC_17950.dir/build.make:97: recipe for target 'cmTC_17950' failed
make[1]: *** [cmTC_17950] Error 1
make[1]: Leaving directory '/home/venom/ros/demo2_ws/build/ar_teleop/CMakeFiles/CMakeTmp'
Makefile:126: recipe for target 'cmTC_17950/fast' failed
make: *** [cmTC_17950/fast] Error 2

File /home/venom/ros/demo2_ws/build/ar_teleop/CMakeFiles/CMakeTmp/CheckSymbolExists.c:
/* */
#include <pthread.h>

int main(int argc, char** argv)
{
  (void)argv;
#ifndef pthread_create
  return ((int*)(&pthread_create))[argc];
#else
  (void)argc;
  return 0;
#endif
}

Determining if the function pthread_create exists in the pthreads failed with the following output:
Change Dir: /home/venom/ros/demo2_ws/build/ar_teleop/CMakeFiles/CMakeTmp

Run Build Command:"/usr/bin/make" "cmTC_50bfd/fast"
/usr/bin/make -f CMakeFiles/cmTC_50bfd.dir/build.make CMakeFiles/cmTC_50bfd.dir/build
make[1]: Entering directory '/home/venom/ros/demo2_ws/build/ar_teleop/CMakeFiles/CMakeTmp'
Building C object CMakeFiles/cmTC_50bfd.dir/CheckFunctionExists.c.o
/usr/bin/cc   -DCHECK_FUNCTION_EXISTS=pthread_create   -o CMakeFiles/cmTC_50bfd.dir/CheckFunctionExists.c.o   -c /usr/share/cmake-3.10/Modules/CheckFunctionExists.c
Linking C executable cmTC_50bfd
/usr/bin/cmake -E cmake_link_script CMakeFiles/cmTC_50bfd.dir/link.txt --verbose=1
/usr/bin/cc  -DCHECK_FUNCTION_EXISTS=pthread_create    -rdynamic CMakeFiles/cmTC_50bfd.dir/CheckFunctionExists.c.o  -o cmTC_50bfd -lpthreads 
/usr/bin/ld: cannot find -lpthreads
collect2: error: ld returned 1 exit status
CMakeFiles/cmTC_50bfd.dir/build.make:97: recipe for target 'cmTC_50bfd' failed
make[1]: *** [cmTC_50bfd] Error 1
make[1]: Leaving directory '/home/venom/ros/demo2_ws/build/ar_teleop/CMakeFiles/CMakeTmp'
Makefile:126: recipe for target 'cmTC_50bfd/fast' failed
make: *** [cmTC_50bfd/fast] Error 2


