Symlinking /home/venom/ros/demo2_ws/devel/include/pal_person_detector_opencv/Detections2d.h
Symlinking /home/venom/ros/demo2_ws/devel/include/pal_person_detector_opencv/Detection2d.h
Symlinking /home/venom/ros/demo2_ws/devel/share/common-lisp/ros/pal_person_detector_opencv/msg/_package.lisp
Symlinking /home/venom/ros/demo2_ws/devel/share/common-lisp/ros/pal_person_detector_opencv/msg/_package_Detection2d.lisp
Symlinking /home/venom/ros/demo2_ws/devel/share/common-lisp/ros/pal_person_detector_opencv/msg/Detection2d.lisp
Symlinking /home/venom/ros/demo2_ws/devel/share/common-lisp/ros/pal_person_detector_opencv/msg/pal_person_detector_opencv-msg.asd
Symlinking /home/venom/ros/demo2_ws/devel/share/common-lisp/ros/pal_person_detector_opencv/msg/_package_Detections2d.lisp
Symlinking /home/venom/ros/demo2_ws/devel/share/common-lisp/ros/pal_person_detector_opencv/msg/Detections2d.lisp
Symlinking /home/venom/ros/demo2_ws/devel/share/gennodejs/ros/pal_person_detector_opencv/_index.js
Symlinking /home/venom/ros/demo2_ws/devel/share/gennodejs/ros/pal_person_detector_opencv/msg/_index.js
Symlinking /home/venom/ros/demo2_ws/devel/share/gennodejs/ros/pal_person_detector_opencv/msg/Detection2d.js
Symlinking /home/venom/ros/demo2_ws/devel/share/gennodejs/ros/pal_person_detector_opencv/msg/Detections2d.js
Symlinking /home/venom/ros/demo2_ws/devel/share/pal_person_detector_opencv/cmake/pal_person_detector_opencvConfig.cmake
Symlinking /home/venom/ros/demo2_ws/devel/share/pal_person_detector_opencv/cmake/pal_person_detector_opencvConfig-version.cmake
Symlinking /home/venom/ros/demo2_ws/devel/share/pal_person_detector_opencv/cmake/pal_person_detector_opencv-msg-paths.cmake
Symlinking /home/venom/ros/demo2_ws/devel/share/pal_person_detector_opencv/cmake/pal_person_detector_opencv-msg-extras.cmake
Symlinking /home/venom/ros/demo2_ws/devel/share/roseus/ros/pal_person_detector_opencv/manifest.l
Symlinking /home/venom/ros/demo2_ws/devel/share/roseus/ros/pal_person_detector_opencv/msg/Detections2d.l
Symlinking /home/venom/ros/demo2_ws/devel/share/roseus/ros/pal_person_detector_opencv/msg/Detection2d.l
Symlinking /home/venom/ros/demo2_ws/devel/lib/pkgconfig/pal_person_detector_opencv.pc
Symlinking /home/venom/ros/demo2_ws/devel/lib/python2.7/dist-packages/pal_person_detector_opencv/__init__.py
Symlinking /home/venom/ros/demo2_ws/devel/lib/python2.7/dist-packages/pal_person_detector_opencv/msg/__init__.py
Symlinking /home/venom/ros/demo2_ws/devel/lib/python2.7/dist-packages/pal_person_detector_opencv/msg/_Detections2d.py
Symlinking /home/venom/ros/demo2_ws/devel/lib/python2.7/dist-packages/pal_person_detector_opencv/msg/_Detection2d.py
Symlinking /home/venom/ros/demo2_ws/devel/lib/pal_person_detector_opencv/pal_person_detector_opencv
