Linked: (/home/venom/ros/demo2_ws/devel/.private/pal_person_detector_opencv/include/pal_person_detector_opencv/Detections2d.h, /home/venom/ros/demo2_ws/devel/include/pal_person_detector_opencv/Detections2d.h)
Linked: (/home/venom/ros/demo2_ws/devel/.private/pal_person_detector_opencv/include/pal_person_detector_opencv/Detection2d.h, /home/venom/ros/demo2_ws/devel/include/pal_person_detector_opencv/Detection2d.h)
Linked: (/home/venom/ros/demo2_ws/devel/.private/pal_person_detector_opencv/share/common-lisp/ros/pal_person_detector_opencv/msg/_package.lisp, /home/venom/ros/demo2_ws/devel/share/common-lisp/ros/pal_person_detector_opencv/msg/_package.lisp)
Linked: (/home/venom/ros/demo2_ws/devel/.private/pal_person_detector_opencv/share/common-lisp/ros/pal_person_detector_opencv/msg/_package_Detection2d.lisp, /home/venom/ros/demo2_ws/devel/share/common-lisp/ros/pal_person_detector_opencv/msg/_package_Detection2d.lisp)
Linked: (/home/venom/ros/demo2_ws/devel/.private/pal_person_detector_opencv/share/common-lisp/ros/pal_person_detector_opencv/msg/Detection2d.lisp, /home/venom/ros/demo2_ws/devel/share/common-lisp/ros/pal_person_detector_opencv/msg/Detection2d.lisp)
Linked: (/home/venom/ros/demo2_ws/devel/.private/pal_person_detector_opencv/share/common-lisp/ros/pal_person_detector_opencv/msg/pal_person_detector_opencv-msg.asd, /home/venom/ros/demo2_ws/devel/share/common-lisp/ros/pal_person_detector_opencv/msg/pal_person_detector_opencv-msg.asd)
Linked: (/home/venom/ros/demo2_ws/devel/.private/pal_person_detector_opencv/share/common-lisp/ros/pal_person_detector_opencv/msg/_package_Detections2d.lisp, /home/venom/ros/demo2_ws/devel/share/common-lisp/ros/pal_person_detector_opencv/msg/_package_Detections2d.lisp)
Linked: (/home/venom/ros/demo2_ws/devel/.private/pal_person_detector_opencv/share/common-lisp/ros/pal_person_detector_opencv/msg/Detections2d.lisp, /home/venom/ros/demo2_ws/devel/share/common-lisp/ros/pal_person_detector_opencv/msg/Detections2d.lisp)
Linked: (/home/venom/ros/demo2_ws/devel/.private/pal_person_detector_opencv/share/gennodejs/ros/pal_person_detector_opencv/_index.js, /home/venom/ros/demo2_ws/devel/share/gennodejs/ros/pal_person_detector_opencv/_index.js)
Linked: (/home/venom/ros/demo2_ws/devel/.private/pal_person_detector_opencv/share/gennodejs/ros/pal_person_detector_opencv/msg/_index.js, /home/venom/ros/demo2_ws/devel/share/gennodejs/ros/pal_person_detector_opencv/msg/_index.js)
Linked: (/home/venom/ros/demo2_ws/devel/.private/pal_person_detector_opencv/share/gennodejs/ros/pal_person_detector_opencv/msg/Detection2d.js, /home/venom/ros/demo2_ws/devel/share/gennodejs/ros/pal_person_detector_opencv/msg/Detection2d.js)
Linked: (/home/venom/ros/demo2_ws/devel/.private/pal_person_detector_opencv/share/gennodejs/ros/pal_person_detector_opencv/msg/Detections2d.js, /home/venom/ros/demo2_ws/devel/share/gennodejs/ros/pal_person_detector_opencv/msg/Detections2d.js)
Linked: (/home/venom/ros/demo2_ws/devel/.private/pal_person_detector_opencv/share/pal_person_detector_opencv/cmake/pal_person_detector_opencvConfig.cmake, /home/venom/ros/demo2_ws/devel/share/pal_person_detector_opencv/cmake/pal_person_detector_opencvConfig.cmake)
Linked: (/home/venom/ros/demo2_ws/devel/.private/pal_person_detector_opencv/share/pal_person_detector_opencv/cmake/pal_person_detector_opencvConfig-version.cmake, /home/venom/ros/demo2_ws/devel/share/pal_person_detector_opencv/cmake/pal_person_detector_opencvConfig-version.cmake)
Linked: (/home/venom/ros/demo2_ws/devel/.private/pal_person_detector_opencv/share/pal_person_detector_opencv/cmake/pal_person_detector_opencv-msg-paths.cmake, /home/venom/ros/demo2_ws/devel/share/pal_person_detector_opencv/cmake/pal_person_detector_opencv-msg-paths.cmake)
Linked: (/home/venom/ros/demo2_ws/devel/.private/pal_person_detector_opencv/share/pal_person_detector_opencv/cmake/pal_person_detector_opencv-msg-extras.cmake, /home/venom/ros/demo2_ws/devel/share/pal_person_detector_opencv/cmake/pal_person_detector_opencv-msg-extras.cmake)
Linked: (/home/venom/ros/demo2_ws/devel/.private/pal_person_detector_opencv/share/roseus/ros/pal_person_detector_opencv/manifest.l, /home/venom/ros/demo2_ws/devel/share/roseus/ros/pal_person_detector_opencv/manifest.l)
Linked: (/home/venom/ros/demo2_ws/devel/.private/pal_person_detector_opencv/share/roseus/ros/pal_person_detector_opencv/msg/Detections2d.l, /home/venom/ros/demo2_ws/devel/share/roseus/ros/pal_person_detector_opencv/msg/Detections2d.l)
Linked: (/home/venom/ros/demo2_ws/devel/.private/pal_person_detector_opencv/share/roseus/ros/pal_person_detector_opencv/msg/Detection2d.l, /home/venom/ros/demo2_ws/devel/share/roseus/ros/pal_person_detector_opencv/msg/Detection2d.l)
Linked: (/home/venom/ros/demo2_ws/devel/.private/pal_person_detector_opencv/lib/pkgconfig/pal_person_detector_opencv.pc, /home/venom/ros/demo2_ws/devel/lib/pkgconfig/pal_person_detector_opencv.pc)
Linked: (/home/venom/ros/demo2_ws/devel/.private/pal_person_detector_opencv/lib/python2.7/dist-packages/pal_person_detector_opencv/__init__.py, /home/venom/ros/demo2_ws/devel/lib/python2.7/dist-packages/pal_person_detector_opencv/__init__.py)
Linked: (/home/venom/ros/demo2_ws/devel/.private/pal_person_detector_opencv/lib/python2.7/dist-packages/pal_person_detector_opencv/msg/__init__.py, /home/venom/ros/demo2_ws/devel/lib/python2.7/dist-packages/pal_person_detector_opencv/msg/__init__.py)
Linked: (/home/venom/ros/demo2_ws/devel/.private/pal_person_detector_opencv/lib/python2.7/dist-packages/pal_person_detector_opencv/msg/_Detections2d.py, /home/venom/ros/demo2_ws/devel/lib/python2.7/dist-packages/pal_person_detector_opencv/msg/_Detections2d.py)
Linked: (/home/venom/ros/demo2_ws/devel/.private/pal_person_detector_opencv/lib/python2.7/dist-packages/pal_person_detector_opencv/msg/_Detection2d.py, /home/venom/ros/demo2_ws/devel/lib/python2.7/dist-packages/pal_person_detector_opencv/msg/_Detection2d.py)
Linked: (/home/venom/ros/demo2_ws/devel/.private/pal_person_detector_opencv/lib/pal_person_detector_opencv/pal_person_detector_opencv, /home/venom/ros/demo2_ws/devel/lib/pal_person_detector_opencv/pal_person_detector_opencv)
