[35m[1mScanning dependencies of target rosgraph_msgs_generate_messages_eus[0m
[35m[1mScanning dependencies of target rosgraph_msgs_generate_messages_py[0m
[  0%] Built target rosgraph_msgs_generate_messages_eus
[35m[1mScanning dependencies of target std_msgs_generate_messages_eus[0m
[  0%] Built target rosgraph_msgs_generate_messages_py
[35m[1mScanning dependencies of target rosgraph_msgs_generate_messages_lisp[0m
[35m[1mScanning dependencies of target rosgraph_msgs_generate_messages_cpp[0m
[  0%] Built target std_msgs_generate_messages_eus
[35m[1mScanning dependencies of target roscpp_generate_messages_py[0m
[  0%] Built target rosgraph_msgs_generate_messages_lisp
[  0%] Built target rosgraph_msgs_generate_messages_cpp
[35m[1mScanning dependencies of target std_msgs_generate_messages_py[0m
[35m[1mScanning dependencies of target geometry_msgs_generate_messages_eus[0m
[  0%] Built target roscpp_generate_messages_py
[35m[1mScanning dependencies of target roscpp_generate_messages_nodejs[0m
[  0%] Built target std_msgs_generate_messages_py
[  0%] Built target geometry_msgs_generate_messages_eus
[35m[1mScanning dependencies of target roscpp_generate_messages_eus[0m
[35m[1mScanning dependencies of target roscpp_generate_messages_lisp[0m
[  0%] Built target roscpp_generate_messages_nodejs
[35m[1mScanning dependencies of target std_msgs_generate_messages_cpp[0m
[35m[1mScanning dependencies of target geometry_msgs_generate_messages_nodejs[0m
[  0%] Built target roscpp_generate_messages_eus
[35m[1mScanning dependencies of target sensor_msgs_generate_messages_py[0m
[  0%] Built target roscpp_generate_messages_lisp
[35m[1mScanning dependencies of target std_msgs_generate_messages_lisp[0m
[  0%] Built target geometry_msgs_generate_messages_nodejs
[  0%] Built target std_msgs_generate_messages_cpp
[35m[1mScanning dependencies of target sensor_msgs_generate_messages_cpp[0m
[  0%] Built target sensor_msgs_generate_messages_py
[35m[1mScanning dependencies of target sensor_msgs_generate_messages_eus[0m
[  0%] Built target std_msgs_generate_messages_lisp
[35m[1mScanning dependencies of target std_msgs_generate_messages_nodejs[0m
[35m[1mScanning dependencies of target sensor_msgs_generate_messages_lisp[0m
[  0%] Built target sensor_msgs_generate_messages_cpp
[35m[1mScanning dependencies of target roscpp_generate_messages_cpp[0m
[35m[1mScanning dependencies of target sensor_msgs_generate_messages_nodejs[0m
[  0%] Built target sensor_msgs_generate_messages_eus
[  0%] Built target std_msgs_generate_messages_nodejs
[  0%] Built target sensor_msgs_generate_messages_lisp
[35m[1mScanning dependencies of target geometry_msgs_generate_messages_cpp[0m
[  0%] Built target roscpp_generate_messages_cpp
[35m[1mScanning dependencies of target geometry_msgs_generate_messages_lisp[0m
[  0%] Built target sensor_msgs_generate_messages_nodejs
[35m[1mScanning dependencies of target geometry_msgs_generate_messages_py[0m
[35m[1mScanning dependencies of target rosgraph_msgs_generate_messages_nodejs[0m
[35m[1mScanning dependencies of target _pal_person_detector_opencv_generate_messages_check_deps_Detections2d[0m
[  0%] Built target geometry_msgs_generate_messages_cpp
[  0%] Built target geometry_msgs_generate_messages_lisp
[35m[1mScanning dependencies of target _pal_person_detector_opencv_generate_messages_check_deps_Detection2d[0m
[  0%] Built target geometry_msgs_generate_messages_py
[  0%] Built target rosgraph_msgs_generate_messages_nodejs
[  0%] Built target _pal_person_detector_opencv_generate_messages_check_deps_Detections2d
[  0%] Built target _pal_person_detector_opencv_generate_messages_check_deps_Detection2d
[35m[1mScanning dependencies of target pal_person_detector_opencv_generate_messages_lisp[0m
[35m[1mScanning dependencies of target pal_person_detector_opencv_generate_messages_cpp[0m
[35m[1mScanning dependencies of target pal_person_detector_opencv_generate_messages_py[0m
[35m[1mScanning dependencies of target pal_person_detector_opencv_generate_messages_nodejs[0m
[35m[1mScanning dependencies of target pal_person_detector_opencv_generate_messages_eus[0m
[  7%] [34m[1mGenerating Lisp code from pal_person_detector_opencv/Detection2d.msg[0m
[ 21%] [34m[1mGenerating Javascript code from pal_person_detector_opencv/Detection2d.msg[0m
[ 21%] [34m[1mGenerating Python from MSG pal_person_detector_opencv/Detection2d[0m
[ 28%] [34m[1mGenerating Lisp code from pal_person_detector_opencv/Detections2d.msg[0m
[ 35%] [34m[1mGenerating C++ code from pal_person_detector_opencv/Detection2d.msg[0m
[ 42%] [34m[1mGenerating EusLisp code from pal_person_detector_opencv/Detection2d.msg[0m
[ 50%] [34m[1mGenerating Javascript code from pal_person_detector_opencv/Detections2d.msg[0m
[ 57%] [34m[1mGenerating EusLisp code from pal_person_detector_opencv/Detections2d.msg[0m
[ 57%] Built target pal_person_detector_opencv_generate_messages_lisp
[ 64%] [34m[1mGenerating C++ code from pal_person_detector_opencv/Detections2d.msg[0m
[ 71%] [34m[1mGenerating EusLisp manifest code for pal_person_detector_opencv[0m
[ 71%] Built target pal_person_detector_opencv_generate_messages_nodejs
[ 78%] [34m[1mGenerating Python from MSG pal_person_detector_opencv/Detections2d[0m
[ 78%] Built target pal_person_detector_opencv_generate_messages_cpp
[35m[1mScanning dependencies of target pal_person_detector_opencv[0m
[ 85%] [34m[1mGenerating Python msg __init__.py for pal_person_detector_opencv[0m
[ 92%] [32mBuilding CXX object CMakeFiles/pal_person_detector_opencv.dir/src/person_detector.cpp.o[0m
[ 92%] Built target pal_person_detector_opencv_generate_messages_py
[ 92%] Built target pal_person_detector_opencv_generate_messages_eus
[35m[1mScanning dependencies of target pal_person_detector_opencv_generate_messages[0m
[ 92%] Built target pal_person_detector_opencv_generate_messages
[100%] [32m[1mLinking CXX executable /home/venom/ros/demo2_ws/devel/.private/pal_person_detector_opencv/lib/pal_person_detector_opencv/pal_person_detector_opencv[0m
[100%] Built target pal_person_detector_opencv
