Determining if the pthread_create exist failed with the following output:
Change Dir: /home/venom/ros/hrwros_ws/build/ur_driver/CMakeFiles/CMakeTmp

Run Build Command:"/usr/bin/make" "cmTC_ace46/fast"
/usr/bin/make -f CMakeFiles/cmTC_ace46.dir/build.make CMakeFiles/cmTC_ace46.dir/build
make[1]: Entering directory '/home/venom/ros/hrwros_ws/build/ur_driver/CMakeFiles/CMakeTmp'
Building C object CMakeFiles/cmTC_ace46.dir/CheckSymbolExists.c.o
/usr/bin/cc    -o CMakeFiles/cmTC_ace46.dir/CheckSymbolExists.c.o   -c /home/venom/ros/hrwros_ws/build/ur_driver/CMakeFiles/CMakeTmp/CheckSymbolExists.c
Linking C executable cmTC_ace46
/usr/bin/cmake -E cmake_link_script CMakeFiles/cmTC_ace46.dir/link.txt --verbose=1
/usr/bin/cc      -rdynamic CMakeFiles/cmTC_ace46.dir/CheckSymbolExists.c.o  -o cmTC_ace46 
CMakeFiles/cmTC_ace46.dir/CheckSymbolExists.c.o: In function `main':
CheckSymbolExists.c:(.text+0x1b): undefined reference to `pthread_create'
collect2: error: ld returned 1 exit status
CMakeFiles/cmTC_ace46.dir/build.make:97: recipe for target 'cmTC_ace46' failed
make[1]: *** [cmTC_ace46] Error 1
make[1]: Leaving directory '/home/venom/ros/hrwros_ws/build/ur_driver/CMakeFiles/CMakeTmp'
Makefile:126: recipe for target 'cmTC_ace46/fast' failed
make: *** [cmTC_ace46/fast] Error 2

File /home/venom/ros/hrwros_ws/build/ur_driver/CMakeFiles/CMakeTmp/CheckSymbolExists.c:
/* */
#include <pthread.h>

int main(int argc, char** argv)
{
  (void)argv;
#ifndef pthread_create
  return ((int*)(&pthread_create))[argc];
#else
  (void)argc;
  return 0;
#endif
}

Determining if the function pthread_create exists in the pthreads failed with the following output:
Change Dir: /home/venom/ros/hrwros_ws/build/ur_driver/CMakeFiles/CMakeTmp

Run Build Command:"/usr/bin/make" "cmTC_afd8f/fast"
/usr/bin/make -f CMakeFiles/cmTC_afd8f.dir/build.make CMakeFiles/cmTC_afd8f.dir/build
make[1]: Entering directory '/home/venom/ros/hrwros_ws/build/ur_driver/CMakeFiles/CMakeTmp'
Building C object CMakeFiles/cmTC_afd8f.dir/CheckFunctionExists.c.o
/usr/bin/cc   -DCHECK_FUNCTION_EXISTS=pthread_create   -o CMakeFiles/cmTC_afd8f.dir/CheckFunctionExists.c.o   -c /usr/share/cmake-3.10/Modules/CheckFunctionExists.c
Linking C executable cmTC_afd8f
/usr/bin/cmake -E cmake_link_script CMakeFiles/cmTC_afd8f.dir/link.txt --verbose=1
/usr/bin/cc  -DCHECK_FUNCTION_EXISTS=pthread_create    -rdynamic CMakeFiles/cmTC_afd8f.dir/CheckFunctionExists.c.o  -o cmTC_afd8f -lpthreads 
/usr/bin/ld: cannot find -lpthreads
collect2: error: ld returned 1 exit status
CMakeFiles/cmTC_afd8f.dir/build.make:97: recipe for target 'cmTC_afd8f' failed
make[1]: *** [cmTC_afd8f] Error 1
make[1]: Leaving directory '/home/venom/ros/hrwros_ws/build/ur_driver/CMakeFiles/CMakeTmp'
Makefile:126: recipe for target 'cmTC_afd8f/fast' failed
make: *** [cmTC_afd8f/fast] Error 2


