Determining if the pthread_create exist failed with the following output:
Change Dir: /home/venom/ros/hrwros_ws/build/kobuki_controller_tutorial/CMakeFiles/CMakeTmp

Run Build Command:"/usr/bin/make" "cmTC_2ff8a/fast"
/usr/bin/make -f CMakeFiles/cmTC_2ff8a.dir/build.make CMakeFiles/cmTC_2ff8a.dir/build
make[1]: Entering directory '/home/venom/ros/hrwros_ws/build/kobuki_controller_tutorial/CMakeFiles/CMakeTmp'
Building C object CMakeFiles/cmTC_2ff8a.dir/CheckSymbolExists.c.o
/usr/bin/cc    -o CMakeFiles/cmTC_2ff8a.dir/CheckSymbolExists.c.o   -c /home/venom/ros/hrwros_ws/build/kobuki_controller_tutorial/CMakeFiles/CMakeTmp/CheckSymbolExists.c
Linking C executable cmTC_2ff8a
/usr/bin/cmake -E cmake_link_script CMakeFiles/cmTC_2ff8a.dir/link.txt --verbose=1
/usr/bin/cc      -rdynamic CMakeFiles/cmTC_2ff8a.dir/CheckSymbolExists.c.o  -o cmTC_2ff8a 
CMakeFiles/cmTC_2ff8a.dir/CheckSymbolExists.c.o: In function `main':
CheckSymbolExists.c:(.text+0x1b): undefined reference to `pthread_create'
collect2: error: ld returned 1 exit status
CMakeFiles/cmTC_2ff8a.dir/build.make:97: recipe for target 'cmTC_2ff8a' failed
make[1]: *** [cmTC_2ff8a] Error 1
make[1]: Leaving directory '/home/venom/ros/hrwros_ws/build/kobuki_controller_tutorial/CMakeFiles/CMakeTmp'
Makefile:126: recipe for target 'cmTC_2ff8a/fast' failed
make: *** [cmTC_2ff8a/fast] Error 2

File /home/venom/ros/hrwros_ws/build/kobuki_controller_tutorial/CMakeFiles/CMakeTmp/CheckSymbolExists.c:
/* */
#include <pthread.h>

int main(int argc, char** argv)
{
  (void)argv;
#ifndef pthread_create
  return ((int*)(&pthread_create))[argc];
#else
  (void)argc;
  return 0;
#endif
}

Determining if the function pthread_create exists in the pthreads failed with the following output:
Change Dir: /home/venom/ros/hrwros_ws/build/kobuki_controller_tutorial/CMakeFiles/CMakeTmp

Run Build Command:"/usr/bin/make" "cmTC_366b7/fast"
/usr/bin/make -f CMakeFiles/cmTC_366b7.dir/build.make CMakeFiles/cmTC_366b7.dir/build
make[1]: Entering directory '/home/venom/ros/hrwros_ws/build/kobuki_controller_tutorial/CMakeFiles/CMakeTmp'
Building C object CMakeFiles/cmTC_366b7.dir/CheckFunctionExists.c.o
/usr/bin/cc   -DCHECK_FUNCTION_EXISTS=pthread_create   -o CMakeFiles/cmTC_366b7.dir/CheckFunctionExists.c.o   -c /usr/share/cmake-3.10/Modules/CheckFunctionExists.c
Linking C executable cmTC_366b7
/usr/bin/cmake -E cmake_link_script CMakeFiles/cmTC_366b7.dir/link.txt --verbose=1
/usr/bin/cc  -DCHECK_FUNCTION_EXISTS=pthread_create    -rdynamic CMakeFiles/cmTC_366b7.dir/CheckFunctionExists.c.o  -o cmTC_366b7 -lpthreads 
/usr/bin/ld: cannot find -lpthreads
collect2: error: ld returned 1 exit status
CMakeFiles/cmTC_366b7.dir/build.make:97: recipe for target 'cmTC_366b7' failed
make[1]: *** [cmTC_366b7] Error 1
make[1]: Leaving directory '/home/venom/ros/hrwros_ws/build/kobuki_controller_tutorial/CMakeFiles/CMakeTmp'
Makefile:126: recipe for target 'cmTC_366b7/fast' failed
make: *** [cmTC_366b7/fast] Error 2


