[  0%] Built target std_msgs_generate_messages_lisp
[  0%] Built target geometry_msgs_generate_messages_lisp
[  0%] Built target robot_pose_ekf_generate_messages_lisp
[  0%] Built target sensor_msgs_generate_messages_lisp
[  0%] Built target sensor_msgs_generate_messages_nodejs
[  0%] Built target actionlib_generate_messages_cpp
[  0%] Built target roscpp_generate_messages_cpp
[  0%] Built target nav_msgs_generate_messages_cpp
[  0%] Built target std_msgs_generate_messages_nodejs
[  0%] Built target sensor_msgs_generate_messages_eus
[  0%] Built target sensor_msgs_generate_messages_cpp
[  0%] Built target robot_pose_ekf_generate_messages_nodejs
[  0%] Built target sensor_msgs_generate_messages_py
[  0%] Built target std_msgs_generate_messages_cpp
[  0%] Built target tf_generate_messages_py
[  0%] Built target actionlib_msgs_generate_messages_nodejs
[  0%] Built target geometry_msgs_generate_messages_nodejs
[  0%] Built target nav_msgs_generate_messages_lisp
[  0%] Built target geometry_msgs_generate_messages_py
[  0%] Built target std_msgs_generate_messages_py
[  0%] Built target roscpp_generate_messages_lisp
[  0%] Built target roscpp_generate_messages_nodejs
[  0%] Built target geometry_msgs_generate_messages_eus
[  0%] Built target roscpp_generate_messages_py
[  0%] Built target rosgraph_msgs_generate_messages_cpp
[  0%] Built target robot_pose_ekf_generate_messages_cpp
[  0%] Built target rosgraph_msgs_generate_messages_eus
[  0%] Built target rosgraph_msgs_generate_messages_lisp
[  0%] Built target std_msgs_generate_messages_eus
[  0%] Built target rosgraph_msgs_generate_messages_nodejs
[  0%] Built target roscpp_generate_messages_eus
[  0%] Built target actionlib_msgs_generate_messages_eus
[  0%] Built target rosgraph_msgs_generate_messages_py
[  0%] Built target actionlib_msgs_generate_messages_lisp
[  0%] Built target actionlib_msgs_generate_messages_py
[  0%] Built target robot_pose_ekf_generate_messages_eus
[  0%] Built target tf_generate_messages_nodejs
[  0%] Built target robot_pose_ekf_generate_messages_py
[  0%] Built target actionlib_generate_messages_eus
[  0%] Built target ar_bringup_generate_messages_nodejs
[  0%] Built target geometry_msgs_generate_messages_cpp
[  0%] Built target actionlib_generate_messages_lisp
[  0%] Built target nav_msgs_generate_messages_nodejs
[  0%] Built target tf2_msgs_generate_messages_cpp
[  0%] Built target nav_msgs_generate_messages_eus
[  0%] Built target tf2_msgs_generate_messages_eus
[ 14%] Built target ar_bringup_generate_messages_eus
[ 14%] Built target nav_msgs_generate_messages_py
[ 14%] Built target tf2_msgs_generate_messages_lisp
[ 14%] Built target actionlib_generate_messages_py
[ 14%] Built target tf2_msgs_generate_messages_py
[ 14%] Built target ar_bringup_generate_messages_cpp
[ 14%] Built target tf2_msgs_generate_messages_nodejs
[ 14%] Built target tf_generate_messages_cpp
[ 14%] Built target actionlib_generate_messages_nodejs
[ 14%] Built target actionlib_msgs_generate_messages_cpp
[ 14%] Built target tf_generate_messages_lisp
[ 14%] Built target tf_generate_messages_eus
[ 14%] Built target ar_bringup_generate_messages_lisp
[ 14%] Built target ar_bringup_generate_messages_py
[ 14%] Built target ar_bringup_generate_messages
[ 42%] Built target pid_velocity
[ 71%] Built target diff_tf
[100%] Built target twist_to_motors
