Determining if the pthread_create exist failed with the following output:
Change Dir: /home/venom/ros/hrwros_ws/build/turtlebot_gazebo/CMakeFiles/CMakeTmp

Run Build Command:"/usr/bin/make" "cmTC_dc62b/fast"
/usr/bin/make -f CMakeFiles/cmTC_dc62b.dir/build.make CMakeFiles/cmTC_dc62b.dir/build
make[1]: Entering directory '/home/venom/ros/hrwros_ws/build/turtlebot_gazebo/CMakeFiles/CMakeTmp'
Building C object CMakeFiles/cmTC_dc62b.dir/CheckSymbolExists.c.o
/usr/bin/cc    -o CMakeFiles/cmTC_dc62b.dir/CheckSymbolExists.c.o   -c /home/venom/ros/hrwros_ws/build/turtlebot_gazebo/CMakeFiles/CMakeTmp/CheckSymbolExists.c
Linking C executable cmTC_dc62b
/usr/bin/cmake -E cmake_link_script CMakeFiles/cmTC_dc62b.dir/link.txt --verbose=1
/usr/bin/cc      -rdynamic CMakeFiles/cmTC_dc62b.dir/CheckSymbolExists.c.o  -o cmTC_dc62b 
CMakeFiles/cmTC_dc62b.dir/CheckSymbolExists.c.o: In function `main':
CheckSymbolExists.c:(.text+0x1b): undefined reference to `pthread_create'
collect2: error: ld returned 1 exit status
CMakeFiles/cmTC_dc62b.dir/build.make:97: recipe for target 'cmTC_dc62b' failed
make[1]: *** [cmTC_dc62b] Error 1
make[1]: Leaving directory '/home/venom/ros/hrwros_ws/build/turtlebot_gazebo/CMakeFiles/CMakeTmp'
Makefile:126: recipe for target 'cmTC_dc62b/fast' failed
make: *** [cmTC_dc62b/fast] Error 2

File /home/venom/ros/hrwros_ws/build/turtlebot_gazebo/CMakeFiles/CMakeTmp/CheckSymbolExists.c:
/* */
#include <pthread.h>

int main(int argc, char** argv)
{
  (void)argv;
#ifndef pthread_create
  return ((int*)(&pthread_create))[argc];
#else
  (void)argc;
  return 0;
#endif
}

Determining if the function pthread_create exists in the pthreads failed with the following output:
Change Dir: /home/venom/ros/hrwros_ws/build/turtlebot_gazebo/CMakeFiles/CMakeTmp

Run Build Command:"/usr/bin/make" "cmTC_e63eb/fast"
/usr/bin/make -f CMakeFiles/cmTC_e63eb.dir/build.make CMakeFiles/cmTC_e63eb.dir/build
make[1]: Entering directory '/home/venom/ros/hrwros_ws/build/turtlebot_gazebo/CMakeFiles/CMakeTmp'
Building C object CMakeFiles/cmTC_e63eb.dir/CheckFunctionExists.c.o
/usr/bin/cc   -DCHECK_FUNCTION_EXISTS=pthread_create   -o CMakeFiles/cmTC_e63eb.dir/CheckFunctionExists.c.o   -c /usr/share/cmake-3.10/Modules/CheckFunctionExists.c
Linking C executable cmTC_e63eb
/usr/bin/cmake -E cmake_link_script CMakeFiles/cmTC_e63eb.dir/link.txt --verbose=1
/usr/bin/cc  -DCHECK_FUNCTION_EXISTS=pthread_create    -rdynamic CMakeFiles/cmTC_e63eb.dir/CheckFunctionExists.c.o  -o cmTC_e63eb -lpthreads 
/usr/bin/ld: cannot find -lpthreads
collect2: error: ld returned 1 exit status
CMakeFiles/cmTC_e63eb.dir/build.make:97: recipe for target 'cmTC_e63eb' failed
make[1]: *** [cmTC_e63eb] Error 1
make[1]: Leaving directory '/home/venom/ros/hrwros_ws/build/turtlebot_gazebo/CMakeFiles/CMakeTmp'
Makefile:126: recipe for target 'cmTC_e63eb/fast' failed
make: *** [cmTC_e63eb/fast] Error 2


