Determining if the pthread_create exist failed with the following output:
Change Dir: /home/venom/ros/hrwros_ws/build/ur3_moveit_config/CMakeFiles/CMakeTmp

Run Build Command:"/usr/bin/make" "cmTC_60c80/fast"
/usr/bin/make -f CMakeFiles/cmTC_60c80.dir/build.make CMakeFiles/cmTC_60c80.dir/build
make[1]: Entering directory '/home/venom/ros/hrwros_ws/build/ur3_moveit_config/CMakeFiles/CMakeTmp'
Building C object CMakeFiles/cmTC_60c80.dir/CheckSymbolExists.c.o
/usr/bin/cc    -o CMakeFiles/cmTC_60c80.dir/CheckSymbolExists.c.o   -c /home/venom/ros/hrwros_ws/build/ur3_moveit_config/CMakeFiles/CMakeTmp/CheckSymbolExists.c
Linking C executable cmTC_60c80
/usr/bin/cmake -E cmake_link_script CMakeFiles/cmTC_60c80.dir/link.txt --verbose=1
/usr/bin/cc      -rdynamic CMakeFiles/cmTC_60c80.dir/CheckSymbolExists.c.o  -o cmTC_60c80 
CMakeFiles/cmTC_60c80.dir/CheckSymbolExists.c.o: In function `main':
CheckSymbolExists.c:(.text+0x1b): undefined reference to `pthread_create'
collect2: error: ld returned 1 exit status
CMakeFiles/cmTC_60c80.dir/build.make:97: recipe for target 'cmTC_60c80' failed
make[1]: *** [cmTC_60c80] Error 1
make[1]: Leaving directory '/home/venom/ros/hrwros_ws/build/ur3_moveit_config/CMakeFiles/CMakeTmp'
Makefile:126: recipe for target 'cmTC_60c80/fast' failed
make: *** [cmTC_60c80/fast] Error 2

File /home/venom/ros/hrwros_ws/build/ur3_moveit_config/CMakeFiles/CMakeTmp/CheckSymbolExists.c:
/* */
#include <pthread.h>

int main(int argc, char** argv)
{
  (void)argv;
#ifndef pthread_create
  return ((int*)(&pthread_create))[argc];
#else
  (void)argc;
  return 0;
#endif
}

Determining if the function pthread_create exists in the pthreads failed with the following output:
Change Dir: /home/venom/ros/hrwros_ws/build/ur3_moveit_config/CMakeFiles/CMakeTmp

Run Build Command:"/usr/bin/make" "cmTC_af9be/fast"
/usr/bin/make -f CMakeFiles/cmTC_af9be.dir/build.make CMakeFiles/cmTC_af9be.dir/build
make[1]: Entering directory '/home/venom/ros/hrwros_ws/build/ur3_moveit_config/CMakeFiles/CMakeTmp'
Building C object CMakeFiles/cmTC_af9be.dir/CheckFunctionExists.c.o
/usr/bin/cc   -DCHECK_FUNCTION_EXISTS=pthread_create   -o CMakeFiles/cmTC_af9be.dir/CheckFunctionExists.c.o   -c /usr/share/cmake-3.10/Modules/CheckFunctionExists.c
Linking C executable cmTC_af9be
/usr/bin/cmake -E cmake_link_script CMakeFiles/cmTC_af9be.dir/link.txt --verbose=1
/usr/bin/cc  -DCHECK_FUNCTION_EXISTS=pthread_create    -rdynamic CMakeFiles/cmTC_af9be.dir/CheckFunctionExists.c.o  -o cmTC_af9be -lpthreads 
/usr/bin/ld: cannot find -lpthreads
collect2: error: ld returned 1 exit status
CMakeFiles/cmTC_af9be.dir/build.make:97: recipe for target 'cmTC_af9be' failed
make[1]: *** [cmTC_af9be] Error 1
make[1]: Leaving directory '/home/venom/ros/hrwros_ws/build/ur3_moveit_config/CMakeFiles/CMakeTmp'
Makefile:126: recipe for target 'cmTC_af9be/fast' failed
make: *** [cmTC_af9be/fast] Error 2


