Determining if the pthread_create exist failed with the following output:
Change Dir: /home/venom/ros/cave_world/build/gazebo_cave_world/CMakeFiles/CMakeTmp

Run Build Command:"/usr/bin/make" "cmTC_75afd/fast"
/usr/bin/make -f CMakeFiles/cmTC_75afd.dir/build.make CMakeFiles/cmTC_75afd.dir/build
make[1]: Entering directory '/home/venom/ros/cave_world/build/gazebo_cave_world/CMakeFiles/CMakeTmp'
Building C object CMakeFiles/cmTC_75afd.dir/CheckSymbolExists.c.o
/usr/bin/cc    -o CMakeFiles/cmTC_75afd.dir/CheckSymbolExists.c.o   -c /home/venom/ros/cave_world/build/gazebo_cave_world/CMakeFiles/CMakeTmp/CheckSymbolExists.c
Linking C executable cmTC_75afd
/usr/bin/cmake -E cmake_link_script CMakeFiles/cmTC_75afd.dir/link.txt --verbose=1
/usr/bin/cc      -rdynamic CMakeFiles/cmTC_75afd.dir/CheckSymbolExists.c.o  -o cmTC_75afd 
CMakeFiles/cmTC_75afd.dir/CheckSymbolExists.c.o: In function `main':
CheckSymbolExists.c:(.text+0x1b): undefined reference to `pthread_create'
collect2: error: ld returned 1 exit status
CMakeFiles/cmTC_75afd.dir/build.make:97: recipe for target 'cmTC_75afd' failed
make[1]: *** [cmTC_75afd] Error 1
make[1]: Leaving directory '/home/venom/ros/cave_world/build/gazebo_cave_world/CMakeFiles/CMakeTmp'
Makefile:126: recipe for target 'cmTC_75afd/fast' failed
make: *** [cmTC_75afd/fast] Error 2

File /home/venom/ros/cave_world/build/gazebo_cave_world/CMakeFiles/CMakeTmp/CheckSymbolExists.c:
/* */
#include <pthread.h>

int main(int argc, char** argv)
{
  (void)argv;
#ifndef pthread_create
  return ((int*)(&pthread_create))[argc];
#else
  (void)argc;
  return 0;
#endif
}

Determining if the function pthread_create exists in the pthreads failed with the following output:
Change Dir: /home/venom/ros/cave_world/build/gazebo_cave_world/CMakeFiles/CMakeTmp

Run Build Command:"/usr/bin/make" "cmTC_32a82/fast"
/usr/bin/make -f CMakeFiles/cmTC_32a82.dir/build.make CMakeFiles/cmTC_32a82.dir/build
make[1]: Entering directory '/home/venom/ros/cave_world/build/gazebo_cave_world/CMakeFiles/CMakeTmp'
Building C object CMakeFiles/cmTC_32a82.dir/CheckFunctionExists.c.o
/usr/bin/cc   -DCHECK_FUNCTION_EXISTS=pthread_create   -o CMakeFiles/cmTC_32a82.dir/CheckFunctionExists.c.o   -c /usr/share/cmake-3.10/Modules/CheckFunctionExists.c
Linking C executable cmTC_32a82
/usr/bin/cmake -E cmake_link_script CMakeFiles/cmTC_32a82.dir/link.txt --verbose=1
/usr/bin/cc  -DCHECK_FUNCTION_EXISTS=pthread_create    -rdynamic CMakeFiles/cmTC_32a82.dir/CheckFunctionExists.c.o  -o cmTC_32a82 -lpthreads 
/usr/bin/ld: cannot find -lpthreads
collect2: error: ld returned 1 exit status
CMakeFiles/cmTC_32a82.dir/build.make:97: recipe for target 'cmTC_32a82' failed
make[1]: *** [cmTC_32a82] Error 1
make[1]: Leaving directory '/home/venom/ros/cave_world/build/gazebo_cave_world/CMakeFiles/CMakeTmp'
Makefile:126: recipe for target 'cmTC_32a82/fast' failed
make: *** [cmTC_32a82/fast] Error 2


