Determining if the pthread_create exist failed with the following output:
Change Dir: /home/venom/ros/demo2_ws/build/ar_navigation/CMakeFiles/CMakeTmp

Run Build Command:"/usr/bin/make" "cmTC_b6ce9/fast"
/usr/bin/make -f CMakeFiles/cmTC_b6ce9.dir/build.make CMakeFiles/cmTC_b6ce9.dir/build
make[1]: Entering directory '/home/venom/ros/demo2_ws/build/ar_navigation/CMakeFiles/CMakeTmp'
Building C object CMakeFiles/cmTC_b6ce9.dir/CheckSymbolExists.c.o
/usr/bin/cc    -o CMakeFiles/cmTC_b6ce9.dir/CheckSymbolExists.c.o   -c /home/venom/ros/demo2_ws/build/ar_navigation/CMakeFiles/CMakeTmp/CheckSymbolExists.c
Linking C executable cmTC_b6ce9
/usr/bin/cmake -E cmake_link_script CMakeFiles/cmTC_b6ce9.dir/link.txt --verbose=1
/usr/bin/cc      -rdynamic CMakeFiles/cmTC_b6ce9.dir/CheckSymbolExists.c.o  -o cmTC_b6ce9 
CMakeFiles/cmTC_b6ce9.dir/CheckSymbolExists.c.o: In function `main':
CheckSymbolExists.c:(.text+0x1b): undefined reference to `pthread_create'
collect2: error: ld returned 1 exit status
CMakeFiles/cmTC_b6ce9.dir/build.make:97: recipe for target 'cmTC_b6ce9' failed
make[1]: *** [cmTC_b6ce9] Error 1
make[1]: Leaving directory '/home/venom/ros/demo2_ws/build/ar_navigation/CMakeFiles/CMakeTmp'
Makefile:126: recipe for target 'cmTC_b6ce9/fast' failed
make: *** [cmTC_b6ce9/fast] Error 2

File /home/venom/ros/demo2_ws/build/ar_navigation/CMakeFiles/CMakeTmp/CheckSymbolExists.c:
/* */
#include <pthread.h>

int main(int argc, char** argv)
{
  (void)argv;
#ifndef pthread_create
  return ((int*)(&pthread_create))[argc];
#else
  (void)argc;
  return 0;
#endif
}

Determining if the function pthread_create exists in the pthreads failed with the following output:
Change Dir: /home/venom/ros/demo2_ws/build/ar_navigation/CMakeFiles/CMakeTmp

Run Build Command:"/usr/bin/make" "cmTC_db080/fast"
/usr/bin/make -f CMakeFiles/cmTC_db080.dir/build.make CMakeFiles/cmTC_db080.dir/build
make[1]: Entering directory '/home/venom/ros/demo2_ws/build/ar_navigation/CMakeFiles/CMakeTmp'
Building C object CMakeFiles/cmTC_db080.dir/CheckFunctionExists.c.o
/usr/bin/cc   -DCHECK_FUNCTION_EXISTS=pthread_create   -o CMakeFiles/cmTC_db080.dir/CheckFunctionExists.c.o   -c /usr/share/cmake-3.10/Modules/CheckFunctionExists.c
Linking C executable cmTC_db080
/usr/bin/cmake -E cmake_link_script CMakeFiles/cmTC_db080.dir/link.txt --verbose=1
/usr/bin/cc  -DCHECK_FUNCTION_EXISTS=pthread_create    -rdynamic CMakeFiles/cmTC_db080.dir/CheckFunctionExists.c.o  -o cmTC_db080 -lpthreads 
/usr/bin/ld: cannot find -lpthreads
collect2: error: ld returned 1 exit status
CMakeFiles/cmTC_db080.dir/build.make:97: recipe for target 'cmTC_db080' failed
make[1]: *** [cmTC_db080] Error 1
make[1]: Leaving directory '/home/venom/ros/demo2_ws/build/ar_navigation/CMakeFiles/CMakeTmp'
Makefile:126: recipe for target 'cmTC_db080/fast' failed
make: *** [cmTC_db080/fast] Error 2


