Determining if the pthread_create exist failed with the following output:
Change Dir: /home/venom/ros/custom_ws/build/mybot_control/CMakeFiles/CMakeTmp

Run Build Command:"/usr/bin/make" "cmTC_e7c72/fast"
/usr/bin/make -f CMakeFiles/cmTC_e7c72.dir/build.make CMakeFiles/cmTC_e7c72.dir/build
make[1]: Entering directory '/home/venom/ros/custom_ws/build/mybot_control/CMakeFiles/CMakeTmp'
Building C object CMakeFiles/cmTC_e7c72.dir/CheckSymbolExists.c.o
/usr/bin/cc    -o CMakeFiles/cmTC_e7c72.dir/CheckSymbolExists.c.o   -c /home/venom/ros/custom_ws/build/mybot_control/CMakeFiles/CMakeTmp/CheckSymbolExists.c
Linking C executable cmTC_e7c72
/usr/bin/cmake -E cmake_link_script CMakeFiles/cmTC_e7c72.dir/link.txt --verbose=1
/usr/bin/cc      -rdynamic CMakeFiles/cmTC_e7c72.dir/CheckSymbolExists.c.o  -o cmTC_e7c72 
CMakeFiles/cmTC_e7c72.dir/CheckSymbolExists.c.o: In function `main':
CheckSymbolExists.c:(.text+0x1b): undefined reference to `pthread_create'
collect2: error: ld returned 1 exit status
CMakeFiles/cmTC_e7c72.dir/build.make:97: recipe for target 'cmTC_e7c72' failed
make[1]: *** [cmTC_e7c72] Error 1
make[1]: Leaving directory '/home/venom/ros/custom_ws/build/mybot_control/CMakeFiles/CMakeTmp'
Makefile:126: recipe for target 'cmTC_e7c72/fast' failed
make: *** [cmTC_e7c72/fast] Error 2

File /home/venom/ros/custom_ws/build/mybot_control/CMakeFiles/CMakeTmp/CheckSymbolExists.c:
/* */
#include <pthread.h>

int main(int argc, char** argv)
{
  (void)argv;
#ifndef pthread_create
  return ((int*)(&pthread_create))[argc];
#else
  (void)argc;
  return 0;
#endif
}

Determining if the function pthread_create exists in the pthreads failed with the following output:
Change Dir: /home/venom/ros/custom_ws/build/mybot_control/CMakeFiles/CMakeTmp

Run Build Command:"/usr/bin/make" "cmTC_85f2f/fast"
/usr/bin/make -f CMakeFiles/cmTC_85f2f.dir/build.make CMakeFiles/cmTC_85f2f.dir/build
make[1]: Entering directory '/home/venom/ros/custom_ws/build/mybot_control/CMakeFiles/CMakeTmp'
Building C object CMakeFiles/cmTC_85f2f.dir/CheckFunctionExists.c.o
/usr/bin/cc   -DCHECK_FUNCTION_EXISTS=pthread_create   -o CMakeFiles/cmTC_85f2f.dir/CheckFunctionExists.c.o   -c /usr/share/cmake-3.10/Modules/CheckFunctionExists.c
Linking C executable cmTC_85f2f
/usr/bin/cmake -E cmake_link_script CMakeFiles/cmTC_85f2f.dir/link.txt --verbose=1
/usr/bin/cc  -DCHECK_FUNCTION_EXISTS=pthread_create    -rdynamic CMakeFiles/cmTC_85f2f.dir/CheckFunctionExists.c.o  -o cmTC_85f2f -lpthreads 
/usr/bin/ld: cannot find -lpthreads
collect2: error: ld returned 1 exit status
CMakeFiles/cmTC_85f2f.dir/build.make:97: recipe for target 'cmTC_85f2f' failed
make[1]: *** [cmTC_85f2f] Error 1
make[1]: Leaving directory '/home/venom/ros/custom_ws/build/mybot_control/CMakeFiles/CMakeTmp'
Makefile:126: recipe for target 'cmTC_85f2f/fast' failed
make: *** [cmTC_85f2f/fast] Error 2


