Determining if the pthread_create exist failed with the following output:
Change Dir: /home/venom/ros/hrwros_ws/build/hrwros_gazebo/CMakeFiles/CMakeTmp

Run Build Command:"/usr/bin/make" "cmTC_a0e4b/fast"
/usr/bin/make -f CMakeFiles/cmTC_a0e4b.dir/build.make CMakeFiles/cmTC_a0e4b.dir/build
make[1]: Entering directory '/home/venom/ros/hrwros_ws/build/hrwros_gazebo/CMakeFiles/CMakeTmp'
Building C object CMakeFiles/cmTC_a0e4b.dir/CheckSymbolExists.c.o
/usr/bin/cc    -o CMakeFiles/cmTC_a0e4b.dir/CheckSymbolExists.c.o   -c /home/venom/ros/hrwros_ws/build/hrwros_gazebo/CMakeFiles/CMakeTmp/CheckSymbolExists.c
Linking C executable cmTC_a0e4b
/usr/bin/cmake -E cmake_link_script CMakeFiles/cmTC_a0e4b.dir/link.txt --verbose=1
/usr/bin/cc      -rdynamic CMakeFiles/cmTC_a0e4b.dir/CheckSymbolExists.c.o  -o cmTC_a0e4b 
CMakeFiles/cmTC_a0e4b.dir/CheckSymbolExists.c.o: In function `main':
CheckSymbolExists.c:(.text+0x1b): undefined reference to `pthread_create'
collect2: error: ld returned 1 exit status
CMakeFiles/cmTC_a0e4b.dir/build.make:97: recipe for target 'cmTC_a0e4b' failed
make[1]: *** [cmTC_a0e4b] Error 1
make[1]: Leaving directory '/home/venom/ros/hrwros_ws/build/hrwros_gazebo/CMakeFiles/CMakeTmp'
Makefile:126: recipe for target 'cmTC_a0e4b/fast' failed
make: *** [cmTC_a0e4b/fast] Error 2

File /home/venom/ros/hrwros_ws/build/hrwros_gazebo/CMakeFiles/CMakeTmp/CheckSymbolExists.c:
/* */
#include <pthread.h>

int main(int argc, char** argv)
{
  (void)argv;
#ifndef pthread_create
  return ((int*)(&pthread_create))[argc];
#else
  (void)argc;
  return 0;
#endif
}

Determining if the function pthread_create exists in the pthreads failed with the following output:
Change Dir: /home/venom/ros/hrwros_ws/build/hrwros_gazebo/CMakeFiles/CMakeTmp

Run Build Command:"/usr/bin/make" "cmTC_3c33d/fast"
/usr/bin/make -f CMakeFiles/cmTC_3c33d.dir/build.make CMakeFiles/cmTC_3c33d.dir/build
make[1]: Entering directory '/home/venom/ros/hrwros_ws/build/hrwros_gazebo/CMakeFiles/CMakeTmp'
Building C object CMakeFiles/cmTC_3c33d.dir/CheckFunctionExists.c.o
/usr/bin/cc   -DCHECK_FUNCTION_EXISTS=pthread_create   -o CMakeFiles/cmTC_3c33d.dir/CheckFunctionExists.c.o   -c /usr/share/cmake-3.10/Modules/CheckFunctionExists.c
Linking C executable cmTC_3c33d
/usr/bin/cmake -E cmake_link_script CMakeFiles/cmTC_3c33d.dir/link.txt --verbose=1
/usr/bin/cc  -DCHECK_FUNCTION_EXISTS=pthread_create    -rdynamic CMakeFiles/cmTC_3c33d.dir/CheckFunctionExists.c.o  -o cmTC_3c33d -lpthreads 
/usr/bin/ld: cannot find -lpthreads
collect2: error: ld returned 1 exit status
CMakeFiles/cmTC_3c33d.dir/build.make:97: recipe for target 'cmTC_3c33d' failed
make[1]: *** [cmTC_3c33d] Error 1
make[1]: Leaving directory '/home/venom/ros/hrwros_ws/build/hrwros_gazebo/CMakeFiles/CMakeTmp'
Makefile:126: recipe for target 'cmTC_3c33d/fast' failed
make: *** [cmTC_3c33d/fast] Error 2


