Determining if the pthread_create exist failed with the following output:
Change Dir: /home/venom/ros/hrwros_ws/build/turtlebot_description/CMakeFiles/CMakeTmp

Run Build Command:"/usr/bin/make" "cmTC_be99c/fast"
/usr/bin/make -f CMakeFiles/cmTC_be99c.dir/build.make CMakeFiles/cmTC_be99c.dir/build
make[1]: Entering directory '/home/venom/ros/hrwros_ws/build/turtlebot_description/CMakeFiles/CMakeTmp'
Building C object CMakeFiles/cmTC_be99c.dir/CheckSymbolExists.c.o
/usr/bin/cc    -o CMakeFiles/cmTC_be99c.dir/CheckSymbolExists.c.o   -c /home/venom/ros/hrwros_ws/build/turtlebot_description/CMakeFiles/CMakeTmp/CheckSymbolExists.c
Linking C executable cmTC_be99c
/usr/bin/cmake -E cmake_link_script CMakeFiles/cmTC_be99c.dir/link.txt --verbose=1
/usr/bin/cc      -rdynamic CMakeFiles/cmTC_be99c.dir/CheckSymbolExists.c.o  -o cmTC_be99c 
CMakeFiles/cmTC_be99c.dir/CheckSymbolExists.c.o: In function `main':
CheckSymbolExists.c:(.text+0x1b): undefined reference to `pthread_create'
collect2: error: ld returned 1 exit status
CMakeFiles/cmTC_be99c.dir/build.make:97: recipe for target 'cmTC_be99c' failed
make[1]: *** [cmTC_be99c] Error 1
make[1]: Leaving directory '/home/venom/ros/hrwros_ws/build/turtlebot_description/CMakeFiles/CMakeTmp'
Makefile:126: recipe for target 'cmTC_be99c/fast' failed
make: *** [cmTC_be99c/fast] Error 2

File /home/venom/ros/hrwros_ws/build/turtlebot_description/CMakeFiles/CMakeTmp/CheckSymbolExists.c:
/* */
#include <pthread.h>

int main(int argc, char** argv)
{
  (void)argv;
#ifndef pthread_create
  return ((int*)(&pthread_create))[argc];
#else
  (void)argc;
  return 0;
#endif
}

Determining if the function pthread_create exists in the pthreads failed with the following output:
Change Dir: /home/venom/ros/hrwros_ws/build/turtlebot_description/CMakeFiles/CMakeTmp

Run Build Command:"/usr/bin/make" "cmTC_f8f6c/fast"
/usr/bin/make -f CMakeFiles/cmTC_f8f6c.dir/build.make CMakeFiles/cmTC_f8f6c.dir/build
make[1]: Entering directory '/home/venom/ros/hrwros_ws/build/turtlebot_description/CMakeFiles/CMakeTmp'
Building C object CMakeFiles/cmTC_f8f6c.dir/CheckFunctionExists.c.o
/usr/bin/cc   -DCHECK_FUNCTION_EXISTS=pthread_create   -o CMakeFiles/cmTC_f8f6c.dir/CheckFunctionExists.c.o   -c /usr/share/cmake-3.10/Modules/CheckFunctionExists.c
Linking C executable cmTC_f8f6c
/usr/bin/cmake -E cmake_link_script CMakeFiles/cmTC_f8f6c.dir/link.txt --verbose=1
/usr/bin/cc  -DCHECK_FUNCTION_EXISTS=pthread_create    -rdynamic CMakeFiles/cmTC_f8f6c.dir/CheckFunctionExists.c.o  -o cmTC_f8f6c -lpthreads 
/usr/bin/ld: cannot find -lpthreads
collect2: error: ld returned 1 exit status
CMakeFiles/cmTC_f8f6c.dir/build.make:97: recipe for target 'cmTC_f8f6c' failed
make[1]: *** [cmTC_f8f6c] Error 1
make[1]: Leaving directory '/home/venom/ros/hrwros_ws/build/turtlebot_description/CMakeFiles/CMakeTmp'
Makefile:126: recipe for target 'cmTC_f8f6c/fast' failed
make: *** [cmTC_f8f6c/fast] Error 2


