Determining if the pthread_create exist failed with the following output:
Change Dir: /home/venom/ros/hrwros_ws/build/kobuki_description/CMakeFiles/CMakeTmp

Run Build Command:"/usr/bin/make" "cmTC_e06cc/fast"
/usr/bin/make -f CMakeFiles/cmTC_e06cc.dir/build.make CMakeFiles/cmTC_e06cc.dir/build
make[1]: Entering directory '/home/venom/ros/hrwros_ws/build/kobuki_description/CMakeFiles/CMakeTmp'
Building C object CMakeFiles/cmTC_e06cc.dir/CheckSymbolExists.c.o
/usr/bin/cc    -o CMakeFiles/cmTC_e06cc.dir/CheckSymbolExists.c.o   -c /home/venom/ros/hrwros_ws/build/kobuki_description/CMakeFiles/CMakeTmp/CheckSymbolExists.c
Linking C executable cmTC_e06cc
/usr/bin/cmake -E cmake_link_script CMakeFiles/cmTC_e06cc.dir/link.txt --verbose=1
/usr/bin/cc      -rdynamic CMakeFiles/cmTC_e06cc.dir/CheckSymbolExists.c.o  -o cmTC_e06cc 
CMakeFiles/cmTC_e06cc.dir/CheckSymbolExists.c.o: In function `main':
CheckSymbolExists.c:(.text+0x1b): undefined reference to `pthread_create'
collect2: error: ld returned 1 exit status
CMakeFiles/cmTC_e06cc.dir/build.make:97: recipe for target 'cmTC_e06cc' failed
make[1]: *** [cmTC_e06cc] Error 1
make[1]: Leaving directory '/home/venom/ros/hrwros_ws/build/kobuki_description/CMakeFiles/CMakeTmp'
Makefile:126: recipe for target 'cmTC_e06cc/fast' failed
make: *** [cmTC_e06cc/fast] Error 2

File /home/venom/ros/hrwros_ws/build/kobuki_description/CMakeFiles/CMakeTmp/CheckSymbolExists.c:
/* */
#include <pthread.h>

int main(int argc, char** argv)
{
  (void)argv;
#ifndef pthread_create
  return ((int*)(&pthread_create))[argc];
#else
  (void)argc;
  return 0;
#endif
}

Determining if the function pthread_create exists in the pthreads failed with the following output:
Change Dir: /home/venom/ros/hrwros_ws/build/kobuki_description/CMakeFiles/CMakeTmp

Run Build Command:"/usr/bin/make" "cmTC_d0bf9/fast"
/usr/bin/make -f CMakeFiles/cmTC_d0bf9.dir/build.make CMakeFiles/cmTC_d0bf9.dir/build
make[1]: Entering directory '/home/venom/ros/hrwros_ws/build/kobuki_description/CMakeFiles/CMakeTmp'
Building C object CMakeFiles/cmTC_d0bf9.dir/CheckFunctionExists.c.o
/usr/bin/cc   -DCHECK_FUNCTION_EXISTS=pthread_create   -o CMakeFiles/cmTC_d0bf9.dir/CheckFunctionExists.c.o   -c /usr/share/cmake-3.10/Modules/CheckFunctionExists.c
Linking C executable cmTC_d0bf9
/usr/bin/cmake -E cmake_link_script CMakeFiles/cmTC_d0bf9.dir/link.txt --verbose=1
/usr/bin/cc  -DCHECK_FUNCTION_EXISTS=pthread_create    -rdynamic CMakeFiles/cmTC_d0bf9.dir/CheckFunctionExists.c.o  -o cmTC_d0bf9 -lpthreads 
/usr/bin/ld: cannot find -lpthreads
collect2: error: ld returned 1 exit status
CMakeFiles/cmTC_d0bf9.dir/build.make:97: recipe for target 'cmTC_d0bf9' failed
make[1]: *** [cmTC_d0bf9] Error 1
make[1]: Leaving directory '/home/venom/ros/hrwros_ws/build/kobuki_description/CMakeFiles/CMakeTmp'
Makefile:126: recipe for target 'cmTC_d0bf9/fast' failed
make: *** [cmTC_d0bf9/fast] Error 2


