Determining if the pthread_create exist failed with the following output:
Change Dir: /home/venom/ros/hrwros_ws/build/ur_description/CMakeFiles/CMakeTmp

Run Build Command:"/usr/bin/make" "cmTC_03570/fast"
/usr/bin/make -f CMakeFiles/cmTC_03570.dir/build.make CMakeFiles/cmTC_03570.dir/build
make[1]: Entering directory '/home/venom/ros/hrwros_ws/build/ur_description/CMakeFiles/CMakeTmp'
Building C object CMakeFiles/cmTC_03570.dir/CheckSymbolExists.c.o
/usr/bin/cc    -o CMakeFiles/cmTC_03570.dir/CheckSymbolExists.c.o   -c /home/venom/ros/hrwros_ws/build/ur_description/CMakeFiles/CMakeTmp/CheckSymbolExists.c
Linking C executable cmTC_03570
/usr/bin/cmake -E cmake_link_script CMakeFiles/cmTC_03570.dir/link.txt --verbose=1
/usr/bin/cc      -rdynamic CMakeFiles/cmTC_03570.dir/CheckSymbolExists.c.o  -o cmTC_03570 
CMakeFiles/cmTC_03570.dir/CheckSymbolExists.c.o: In function `main':
CheckSymbolExists.c:(.text+0x1b): undefined reference to `pthread_create'
collect2: error: ld returned 1 exit status
CMakeFiles/cmTC_03570.dir/build.make:97: recipe for target 'cmTC_03570' failed
make[1]: *** [cmTC_03570] Error 1
make[1]: Leaving directory '/home/venom/ros/hrwros_ws/build/ur_description/CMakeFiles/CMakeTmp'
Makefile:126: recipe for target 'cmTC_03570/fast' failed
make: *** [cmTC_03570/fast] Error 2

File /home/venom/ros/hrwros_ws/build/ur_description/CMakeFiles/CMakeTmp/CheckSymbolExists.c:
/* */
#include <pthread.h>

int main(int argc, char** argv)
{
  (void)argv;
#ifndef pthread_create
  return ((int*)(&pthread_create))[argc];
#else
  (void)argc;
  return 0;
#endif
}

Determining if the function pthread_create exists in the pthreads failed with the following output:
Change Dir: /home/venom/ros/hrwros_ws/build/ur_description/CMakeFiles/CMakeTmp

Run Build Command:"/usr/bin/make" "cmTC_50caa/fast"
/usr/bin/make -f CMakeFiles/cmTC_50caa.dir/build.make CMakeFiles/cmTC_50caa.dir/build
make[1]: Entering directory '/home/venom/ros/hrwros_ws/build/ur_description/CMakeFiles/CMakeTmp'
Building C object CMakeFiles/cmTC_50caa.dir/CheckFunctionExists.c.o
/usr/bin/cc   -DCHECK_FUNCTION_EXISTS=pthread_create   -o CMakeFiles/cmTC_50caa.dir/CheckFunctionExists.c.o   -c /usr/share/cmake-3.10/Modules/CheckFunctionExists.c
Linking C executable cmTC_50caa
/usr/bin/cmake -E cmake_link_script CMakeFiles/cmTC_50caa.dir/link.txt --verbose=1
/usr/bin/cc  -DCHECK_FUNCTION_EXISTS=pthread_create    -rdynamic CMakeFiles/cmTC_50caa.dir/CheckFunctionExists.c.o  -o cmTC_50caa -lpthreads 
/usr/bin/ld: cannot find -lpthreads
collect2: error: ld returned 1 exit status
CMakeFiles/cmTC_50caa.dir/build.make:97: recipe for target 'cmTC_50caa' failed
make[1]: *** [cmTC_50caa] Error 1
make[1]: Leaving directory '/home/venom/ros/hrwros_ws/build/ur_description/CMakeFiles/CMakeTmp'
Makefile:126: recipe for target 'cmTC_50caa/fast' failed
make: *** [cmTC_50caa/fast] Error 2


