Determining if the pthread_create exist failed with the following output:
Change Dir: /home/venom/ros/custom_ws/build/rur_gazebo/CMakeFiles/CMakeTmp

Run Build Command:"/usr/bin/make" "cmTC_bd9f1/fast"
/usr/bin/make -f CMakeFiles/cmTC_bd9f1.dir/build.make CMakeFiles/cmTC_bd9f1.dir/build
make[1]: Entering directory '/home/venom/ros/custom_ws/build/rur_gazebo/CMakeFiles/CMakeTmp'
Building C object CMakeFiles/cmTC_bd9f1.dir/CheckSymbolExists.c.o
/usr/bin/cc    -o CMakeFiles/cmTC_bd9f1.dir/CheckSymbolExists.c.o   -c /home/venom/ros/custom_ws/build/rur_gazebo/CMakeFiles/CMakeTmp/CheckSymbolExists.c
Linking C executable cmTC_bd9f1
/usr/bin/cmake -E cmake_link_script CMakeFiles/cmTC_bd9f1.dir/link.txt --verbose=1
/usr/bin/cc      -rdynamic CMakeFiles/cmTC_bd9f1.dir/CheckSymbolExists.c.o  -o cmTC_bd9f1 
CMakeFiles/cmTC_bd9f1.dir/CheckSymbolExists.c.o: In function `main':
CheckSymbolExists.c:(.text+0x1b): undefined reference to `pthread_create'
collect2: error: ld returned 1 exit status
CMakeFiles/cmTC_bd9f1.dir/build.make:97: recipe for target 'cmTC_bd9f1' failed
make[1]: *** [cmTC_bd9f1] Error 1
make[1]: Leaving directory '/home/venom/ros/custom_ws/build/rur_gazebo/CMakeFiles/CMakeTmp'
Makefile:126: recipe for target 'cmTC_bd9f1/fast' failed
make: *** [cmTC_bd9f1/fast] Error 2

File /home/venom/ros/custom_ws/build/rur_gazebo/CMakeFiles/CMakeTmp/CheckSymbolExists.c:
/* */
#include <pthread.h>

int main(int argc, char** argv)
{
  (void)argv;
#ifndef pthread_create
  return ((int*)(&pthread_create))[argc];
#else
  (void)argc;
  return 0;
#endif
}

Determining if the function pthread_create exists in the pthreads failed with the following output:
Change Dir: /home/venom/ros/custom_ws/build/rur_gazebo/CMakeFiles/CMakeTmp

Run Build Command:"/usr/bin/make" "cmTC_69015/fast"
/usr/bin/make -f CMakeFiles/cmTC_69015.dir/build.make CMakeFiles/cmTC_69015.dir/build
make[1]: Entering directory '/home/venom/ros/custom_ws/build/rur_gazebo/CMakeFiles/CMakeTmp'
Building C object CMakeFiles/cmTC_69015.dir/CheckFunctionExists.c.o
/usr/bin/cc   -DCHECK_FUNCTION_EXISTS=pthread_create   -o CMakeFiles/cmTC_69015.dir/CheckFunctionExists.c.o   -c /usr/share/cmake-3.10/Modules/CheckFunctionExists.c
Linking C executable cmTC_69015
/usr/bin/cmake -E cmake_link_script CMakeFiles/cmTC_69015.dir/link.txt --verbose=1
/usr/bin/cc  -DCHECK_FUNCTION_EXISTS=pthread_create    -rdynamic CMakeFiles/cmTC_69015.dir/CheckFunctionExists.c.o  -o cmTC_69015 -lpthreads 
/usr/bin/ld: cannot find -lpthreads
collect2: error: ld returned 1 exit status
CMakeFiles/cmTC_69015.dir/build.make:97: recipe for target 'cmTC_69015' failed
make[1]: *** [cmTC_69015] Error 1
make[1]: Leaving directory '/home/venom/ros/custom_ws/build/rur_gazebo/CMakeFiles/CMakeTmp'
Makefile:126: recipe for target 'cmTC_69015/fast' failed
make: *** [cmTC_69015/fast] Error 2


